This file contains any messages produced by compilers while
running configure, to aid debugging if configure makes a mistake.

It was created by RNAforester configure 2.0.1, which was
generated by GNU Autoconf 2.71.  Invocation command line was

  $ ./configure --disable-option-checking --prefix=/usr/local --disable-openmp --without-perl --disable-lto --without-python CPPFLAGS=-I/opt/homebrew/opt/openjdk@17/include CC=gcc CXX=g++ 'CFLAGS=-g -O2' 'CXXFLAGS=-g -O2' AR=ar RANLIB=ranlib 'NM=/usr/bin/nm -B' 'VRNA_CFLAGS=-I$(top_srcdir)/../../src/ViennaRNA -I$(top_srcdir)/../../src -DVRNA_WITH_NAVIEW_LAYOUT' 'VRNA_LIBS=-fno-strict-aliasing -L$(top_builddir)/../../src/ViennaRNA -lRNA -lpthread -lstdc++' --cache-file=/dev/null --srcdir=.

## --------- ##
## Platform. ##
## --------- ##

hostname = HMs-MacBook-Air.home
uname -m = x86_64
uname -r = 21.3.0
uname -s = Darwin
uname -v = Darwin Kernel Version 21.3.0: Wed Jan  5 21:37:58 PST 2022; root:xnu-8019.80.24~20/RELEASE_ARM64_T8101

/usr/bin/uname -p = arm
/bin/uname -X     = unknown

/bin/arch              = unknown
/usr/bin/arch -k       = unknown
/usr/convex/getsysinfo = unknown
/usr/bin/hostinfo      = Mach kernel version:
	 Darwin Kernel Version 21.3.0: Wed Jan  5 21:37:58 PST 2022; root:xnu-8019.80.24~20/RELEASE_ARM64_T8101
Kernel configured for up to 8 processors.
8 processors are physically available.
8 processors are logically available.
Processor type: arm64e (ARM64E)
Processors active: 0 1 2 3 4 5 6 7
Primary memory available: 16.00 gigabytes
Default processor set: 450 tasks, 3986 threads, 8 processors
Load average: 2.94, Mach factor: 5.05
/bin/machine           = unknown
/usr/bin/oslevel       = unknown
/bin/universe          = unknown

PATH: /Users/hmvanrossum/Library/Caches/pypoetry/virtualenvs/agpt-YuoE86yp-py3.10/bin/
PATH: /usr/local/opt/gnu-sed/libexec/gnubin/
PATH: /usr/local/opt/coreutils/libexec/gnubin/
PATH: /Users/hmvanrossum/.espressif/tools/riscv32-esp-elf/esp-12.2.0_20230208/riscv32-esp-elf/bin/
PATH: /Users/hmvanrossum/.espressif/tools/xtensa-esp32-elf/esp-12.2.0_20230208/xtensa-esp32-elf/bin/
PATH: /Library/TeX/texbin/
PATH: /opt/homebrew/opt/grep/libexec/gnubin/
PATH: /opt/homebrew/opt/openjdk@17/bin/
PATH: /Users/hmvanrossum/google-cloud-sdk/bin/
PATH: /usr/local/bin/
PATH: /usr/local/opt/gnu-sed/libexec/gnubin/
PATH: /usr/local/opt/coreutils/libexec/gnubin/
PATH: /Users/hmvanrossum/.espressif/tools/riscv32-esp-elf/esp-12.2.0_20230208/riscv32-esp-elf/bin/
PATH: /Users/hmvanrossum/.espressif/tools/xtensa-esp32-elf/esp-12.2.0_20230208/xtensa-esp32-elf/bin/
PATH: /Library/TeX/texbin/
PATH: /opt/homebrew/opt/grep/libexec/gnubin/
PATH: /opt/homebrew/opt/openjdk@17/bin/
PATH: /Users/hmvanrossum/google-cloud-sdk/bin/
PATH: /Users/hmvanrossum/mambaforge/bin/
PATH: /Users/hmvanrossum/mambaforge/condabin/
PATH: /usr/local/bin/
PATH: /Library/Frameworks/Python.framework/Versions/3.10/bin/
PATH: /opt/homebrew/bin/
PATH: /opt/homebrew/sbin/
PATH: /usr/local/bin/
PATH: /usr/bin/
PATH: /bin/
PATH: /usr/sbin/
PATH: /sbin/
PATH: /Library/TeX/texbin/
PATH: /usr/local/go/bin/
PATH: /Users/hmvanrossum/.cargo/bin/
PATH: /Users/hmvanrossum/go/bin/
PATH: /Users/hmvanrossum/go/bin/


## ----------- ##
## Core tests. ##
## ----------- ##

configure:2650: looking for aux files: compile missing install-sh
configure:2663:  trying ./
configure:2692:   ./compile found
configure:2692:   ./missing found
configure:2674:   ./install-sh found
configure:2817: checking whether make supports nested variables
configure:2835: result: yes
configure:2864: checking for a BSD-compatible install
configure:2937: result: /usr/local/opt/coreutils/libexec/gnubin/install -c
configure:2948: checking whether build environment is sane
configure:3003: result: yes
configure:3162: checking for a race-free mkdir -p
configure:3206: result: /usr/local/opt/coreutils/libexec/gnubin/mkdir -p
configure:3213: checking for gawk
configure:3248: result: no
configure:3213: checking for mawk
configure:3248: result: no
configure:3213: checking for nawk
configure:3248: result: no
configure:3213: checking for awk
configure:3234: found /usr/bin/awk
configure:3245: result: awk
configure:3256: checking whether make sets $(MAKE)
configure:3279: result: yes
configure:3554: checking for C++ compiler version
configure:3563: g++ --version >&5
g++ (Homebrew GCC 13.2.0) 13.2.0
Copyright (C) 2023 Free Software Foundation, Inc.
This is free software; see the source for copying conditions.  There is NO
warranty; not even for MERCHANTABILITY or FITNESS FOR A PARTICULAR PURPOSE.

configure:3574: $? = 0
configure:3563: g++ -v >&5
Using built-in specs.
COLLECT_GCC=g++
COLLECT_LTO_WRAPPER=/opt/homebrew/Cellar/gcc/13.2.0/bin/../libexec/gcc/aarch64-apple-darwin21/13/lto-wrapper
Target: aarch64-apple-darwin21
Configured with: ../configure --prefix=/opt/homebrew/opt/gcc --libdir=/opt/homebrew/opt/gcc/lib/gcc/current --disable-nls --enable-checking=release --with-gcc-major-version-only --enable-languages=c,c++,objc,obj-c++,fortran --program-suffix=-13 --with-gmp=/opt/homebrew/opt/gmp --with-mpfr=/opt/homebrew/opt/mpfr --with-mpc=/opt/homebrew/opt/libmpc --with-isl=/opt/homebrew/opt/isl --with-zstd=/opt/homebrew/opt/zstd --with-pkgversion='Homebrew GCC 13.2.0' --with-bugurl=https://github.com/Homebrew/homebrew-core/issues --with-system-zlib --build=aarch64-apple-darwin21 --with-sysroot=/Library/Developer/CommandLineTools/SDKs/MacOSX12.sdk
Thread model: posix
Supported LTO compression algorithms: zlib zstd
gcc version 13.2.0 (Homebrew GCC 13.2.0) 
configure:3574: $? = 0
configure:3563: g++ -V >&5
g++: error: unrecognized command-line option '-V'
g++: fatal error: no input files
compilation terminated.
configure:3574: $? = 1
configure:3563: g++ -qversion >&5
g++: error: unrecognized command-line option '-qversion'; did you mean '--version'?
g++: fatal error: no input files
compilation terminated.
configure:3574: $? = 1
configure:3594: checking whether the C++ compiler works
configure:3616: g++ -g -O2 -I/opt/homebrew/opt/openjdk@17/include  conftest.cpp  >&5
configure:3620: $? = 0
configure:3670: result: yes
configure:3673: checking for C++ compiler default output file name
configure:3675: result: a.out
configure:3681: checking for suffix of executables
configure:3688: g++ -o conftest -g -O2 -I/opt/homebrew/opt/openjdk@17/include  conftest.cpp  >&5
configure:3692: $? = 0
configure:3715: result: 
configure:3737: checking whether we are cross compiling
configure:3745: g++ -o conftest -g -O2 -I/opt/homebrew/opt/openjdk@17/include  conftest.cpp  >&5
configure:3749: $? = 0
configure:3756: ./conftest
configure:3760: $? = 0
configure:3775: result: no
configure:3780: checking for suffix of object files
configure:3803: g++ -c -g -O2 -I/opt/homebrew/opt/openjdk@17/include conftest.cpp >&5
configure:3807: $? = 0
configure:3829: result: o
configure:3833: checking whether the compiler supports GNU C++
configure:3853: g++ -c -g -O2 -I/opt/homebrew/opt/openjdk@17/include conftest.cpp >&5
configure:3853: $? = 0
configure:3863: result: yes
configure:3874: checking whether g++ accepts -g
configure:3895: g++ -c -g -I/opt/homebrew/opt/openjdk@17/include conftest.cpp >&5
configure:3895: $? = 0
configure:3939: result: yes
configure:3959: checking for g++ option to enable C++11 features
configure:3974: g++  -c -g -O2 -I/opt/homebrew/opt/openjdk@17/include conftest.cpp >&5
conftest.cpp: In function 'int main(int, char**)':
conftest.cpp:177:25: warning: empty parentheses were disambiguated as a function declaration [-Wvexing-parse]
  177 |   cxx11test::delegate d2();
      |                         ^~
conftest.cpp:177:25: note: remove parentheses to default-initialize a variable
  177 |   cxx11test::delegate d2();
      |                         ^~
      |                         --
conftest.cpp:177:25: note: or replace parentheses with braces to value-initialize a variable
configure:3974: $? = 0
configure:3992: result: none needed
configure:4059: checking whether make supports the include directive
configure:4074: make -f confmf.GNU && cat confinc.out
this is the am__doit target
configure:4077: $? = 0
configure:4096: result: yes (GNU style)
configure:4122: checking dependency style of g++
configure:4234: result: gcc3
configure:4311: checking for gcc
configure:4343: result: gcc
configure:4696: checking for C compiler version
configure:4705: gcc --version >&5
gcc (Homebrew GCC 13.2.0) 13.2.0
Copyright (C) 2023 Free Software Foundation, Inc.
This is free software; see the source for copying conditions.  There is NO
warranty; not even for MERCHANTABILITY or FITNESS FOR A PARTICULAR PURPOSE.

configure:4716: $? = 0
configure:4705: gcc -v >&5
Using built-in specs.
COLLECT_GCC=gcc
COLLECT_LTO_WRAPPER=/opt/homebrew/Cellar/gcc/13.2.0/bin/../libexec/gcc/aarch64-apple-darwin21/13/lto-wrapper
Target: aarch64-apple-darwin21
Configured with: ../configure --prefix=/opt/homebrew/opt/gcc --libdir=/opt/homebrew/opt/gcc/lib/gcc/current --disable-nls --enable-checking=release --with-gcc-major-version-only --enable-languages=c,c++,objc,obj-c++,fortran --program-suffix=-13 --with-gmp=/opt/homebrew/opt/gmp --with-mpfr=/opt/homebrew/opt/mpfr --with-mpc=/opt/homebrew/opt/libmpc --with-isl=/opt/homebrew/opt/isl --with-zstd=/opt/homebrew/opt/zstd --with-pkgversion='Homebrew GCC 13.2.0' --with-bugurl=https://github.com/Homebrew/homebrew-core/issues --with-system-zlib --build=aarch64-apple-darwin21 --with-sysroot=/Library/Developer/CommandLineTools/SDKs/MacOSX12.sdk
Thread model: posix
Supported LTO compression algorithms: zlib zstd
gcc version 13.2.0 (Homebrew GCC 13.2.0) 
configure:4716: $? = 0
configure:4705: gcc -V >&5
gcc: error: unrecognized command-line option '-V'
gcc: fatal error: no input files
compilation terminated.
configure:4716: $? = 1
configure:4705: gcc -qversion >&5
gcc: error: unrecognized command-line option '-qversion'; did you mean '--version'?
gcc: fatal error: no input files
compilation terminated.
configure:4716: $? = 1
configure:4705: gcc -version >&5
gcc: error: unrecognized command-line option '-version'
gcc: fatal error: no input files
compilation terminated.
configure:4716: $? = 1
configure:4720: checking whether the compiler supports GNU C
configure:4740: gcc -c -g -O2 -I/opt/homebrew/opt/openjdk@17/include conftest.c >&5
configure:4740: $? = 0
configure:4750: result: yes
configure:4761: checking whether gcc accepts -g
configure:4782: gcc -c -g -I/opt/homebrew/opt/openjdk@17/include conftest.c >&5
configure:4782: $? = 0
configure:4826: result: yes
configure:4846: checking for gcc option to enable C11 features
configure:4861: gcc  -c -g -O2 -I/opt/homebrew/opt/openjdk@17/include conftest.c >&5
configure:4861: $? = 0
configure:4879: result: none needed
configure:4995: checking whether gcc understands -c and -o together
configure:5018: gcc -c conftest.c -o conftest2.o
configure:5021: $? = 0
configure:5018: gcc -c conftest.c -o conftest2.o
configure:5021: $? = 0
configure:5033: result: yes
configure:5052: checking dependency style of gcc
configure:5164: result: gcc3
configure:5190: checking for flex
configure:5211: found /usr/bin/flex
configure:5222: result: flex
configure:5271: checking for lex output file root
configure:5284: flex conftest.l
configure:5288: $? = 0
configure:5296: result: lex.yy
configure:5311: checking for lex library
configure:5336: g++ -o conftest -g -O2 -I/opt/homebrew/opt/openjdk@17/include  conftest.cpp  >&5
configure:5336: $? = 0
configure:5349: result: none needed
configure:5379: checking for library containing yywrap
configure:5408: g++ -o conftest -g -O2 -I/opt/homebrew/opt/openjdk@17/include  conftest.cpp  >&5
Undefined symbols for architecture arm64:
  "_yywrap", referenced from:
      _main in ccC6W3qK.o
ld: symbol(s) not found for architecture arm64
collect2: error: ld returned 1 exit status
configure:5408: $? = 1
configure: failed program was:
| /* confdefs.h */
| #define PACKAGE_NAME "RNAforester"
| #define PACKAGE_TARNAME "RNAforester"
| #define PACKAGE_VERSION "2.0.1"
| #define PACKAGE_STRING "RNAforester 2.0.1"
| #define PACKAGE_BUGREPORT "sschirme@techfak.uni-bielefeld.de"
| #define PACKAGE_URL ""
| #define PACKAGE "RNAforester"
| #define VERSION "2.0.1"
| /* end confdefs.h.  */
| 
| namespace conftest {
|   extern "C" int yywrap ();
| }
| int
| main (void)
| {
| return conftest::yywrap ();
|   ;
|   return 0;
| }
configure:5408: g++ -o conftest -g -O2 -I/opt/homebrew/opt/openjdk@17/include  conftest.cpp -lfl   >&5
ld: library not found for -lfl
collect2: error: ld returned 1 exit status
configure:5408: $? = 1
configure: failed program was:
| /* confdefs.h */
| #define PACKAGE_NAME "RNAforester"
| #define PACKAGE_TARNAME "RNAforester"
| #define PACKAGE_VERSION "2.0.1"
| #define PACKAGE_STRING "RNAforester 2.0.1"
| #define PACKAGE_BUGREPORT "sschirme@techfak.uni-bielefeld.de"
| #define PACKAGE_URL ""
| #define PACKAGE "RNAforester"
| #define VERSION "2.0.1"
| /* end confdefs.h.  */
| 
| namespace conftest {
|   extern "C" int yywrap ();
| }
| int
| main (void)
| {
| return conftest::yywrap ();
|   ;
|   return 0;
| }
configure:5408: g++ -o conftest -g -O2 -I/opt/homebrew/opt/openjdk@17/include  conftest.cpp -ll   >&5
configure:5408: $? = 0
configure:5428: result: -ll
configure:5451: checking whether yytext is a pointer
configure:5467: g++ -c -g -O2 -I/opt/homebrew/opt/openjdk@17/include conftest.cpp >&5
configure:5467: $? = 0
configure:5474: result: yes
configure:5493: checking for bison
configure:5514: found /usr/bin/bison
configure:5525: result: bison -y
configure:5677: checking for pkg-config
configure:5700: found /opt/homebrew/bin/pkg-config
configure:5712: result: /opt/homebrew/bin/pkg-config
configure:5737: checking pkg-config is at least version 0.9.0
configure:5740: result: yes
configure:5750: checking for VRNA
configure:5835: result: yes
configure:5967: checking for stdio.h
configure:5967: g++ -c -g -O2 -Ig2-0.72/src/ -I/opt/homebrew/opt/openjdk@17/include conftest.cpp >&5
configure:5967: $? = 0
configure:5967: result: yes
configure:5967: checking for stdlib.h
configure:5967: g++ -c -g -O2 -Ig2-0.72/src/ -I/opt/homebrew/opt/openjdk@17/include conftest.cpp >&5
configure:5967: $? = 0
configure:5967: result: yes
configure:5967: checking for string.h
configure:5967: g++ -c -g -O2 -Ig2-0.72/src/ -I/opt/homebrew/opt/openjdk@17/include conftest.cpp >&5
configure:5967: $? = 0
configure:5967: result: yes
configure:5967: checking for inttypes.h
configure:5967: g++ -c -g -O2 -Ig2-0.72/src/ -I/opt/homebrew/opt/openjdk@17/include conftest.cpp >&5
configure:5967: $? = 0
configure:5967: result: yes
configure:5967: checking for stdint.h
configure:5967: g++ -c -g -O2 -Ig2-0.72/src/ -I/opt/homebrew/opt/openjdk@17/include conftest.cpp >&5
configure:5967: $? = 0
configure:5967: result: yes
configure:5967: checking for strings.h
configure:5967: g++ -c -g -O2 -Ig2-0.72/src/ -I/opt/homebrew/opt/openjdk@17/include conftest.cpp >&5
configure:5967: $? = 0
configure:5967: result: yes
configure:5967: checking for sys/stat.h
configure:5967: g++ -c -g -O2 -Ig2-0.72/src/ -I/opt/homebrew/opt/openjdk@17/include conftest.cpp >&5
configure:5967: $? = 0
configure:5967: result: yes
configure:5967: checking for sys/types.h
configure:5967: g++ -c -g -O2 -Ig2-0.72/src/ -I/opt/homebrew/opt/openjdk@17/include conftest.cpp >&5
configure:5967: $? = 0
configure:5967: result: yes
configure:5967: checking for unistd.h
configure:5967: g++ -c -g -O2 -Ig2-0.72/src/ -I/opt/homebrew/opt/openjdk@17/include conftest.cpp >&5
configure:5967: $? = 0
configure:5967: result: yes
configure:5993: checking for grep that handles long lines and -e
configure:6057: result: /opt/homebrew/opt/grep/libexec/gnubin/grep
configure:6062: checking for egrep
configure:6130: result: /opt/homebrew/opt/grep/libexec/gnubin/grep -E
configure:6136: checking for g2.h
configure:6136: g++ -c -g -O2 -Ig2-0.72/src/ -I/opt/homebrew/opt/openjdk@17/include conftest.cpp >&5
configure:6136: $? = 0
configure:6136: result: yes
configure:6148: checking for an ANSI C-conforming const
configure:6215: g++ -c -g -O2 -Ig2-0.72/src/ -I/opt/homebrew/opt/openjdk@17/include conftest.cpp >&5
configure:6215: $? = 0
configure:6223: result: yes
configure:6231: checking for inline
configure:6248: g++ -c -g -O2 -Ig2-0.72/src/ -I/opt/homebrew/opt/openjdk@17/include conftest.cpp >&5
configure:6248: $? = 0
configure:6257: result: inline
configure:6275: checking for size_t
configure:6275: g++ -c -g -O2 -Ig2-0.72/src/ -I/opt/homebrew/opt/openjdk@17/include conftest.cpp >&5
configure:6275: $? = 0
configure:6275: g++ -c -g -O2 -Ig2-0.72/src/ -I/opt/homebrew/opt/openjdk@17/include conftest.cpp >&5
conftest.cpp: In function 'int main()':
conftest.cpp:55:20: error: expected primary-expression before ')' token
   55 | if (sizeof ((size_t)))
      |                    ^
configure:6275: $? = 1
configure: failed program was:
| /* confdefs.h */
| #define PACKAGE_NAME "RNAforester"
| #define PACKAGE_TARNAME "RNAforester"
| #define PACKAGE_VERSION "2.0.1"
| #define PACKAGE_STRING "RNAforester 2.0.1"
| #define PACKAGE_BUGREPORT "sschirme@techfak.uni-bielefeld.de"
| #define PACKAGE_URL ""
| #define PACKAGE "RNAforester"
| #define VERSION "2.0.1"
| #define YYTEXT_POINTER 1
| #define HAVE_LIBRNA /**/
| #define HAVE_STDIO_H 1
| #define HAVE_STDLIB_H 1
| #define HAVE_STRING_H 1
| #define HAVE_INTTYPES_H 1
| #define HAVE_STDINT_H 1
| #define HAVE_STRINGS_H 1
| #define HAVE_SYS_STAT_H 1
| #define HAVE_SYS_TYPES_H 1
| #define HAVE_UNISTD_H 1
| #define STDC_HEADERS 1
| #define HAVE_LIBG2 1
| /* end confdefs.h.  */
| #include <stddef.h>
| #ifdef HAVE_STDIO_H
| # include <stdio.h>
| #endif
| #ifdef HAVE_STDLIB_H
| # include <stdlib.h>
| #endif
| #ifdef HAVE_STRING_H
| # include <string.h>
| #endif
| #ifdef HAVE_INTTYPES_H
| # include <inttypes.h>
| #endif
| #ifdef HAVE_STDINT_H
| # include <stdint.h>
| #endif
| #ifdef HAVE_STRINGS_H
| # include <strings.h>
| #endif
| #ifdef HAVE_SYS_TYPES_H
| # include <sys/types.h>
| #endif
| #ifdef HAVE_SYS_STAT_H
| # include <sys/stat.h>
| #endif
| #ifdef HAVE_UNISTD_H
| # include <unistd.h>
| #endif
| int
| main (void)
| {
| if (sizeof ((size_t)))
| 	    return 0;
|   ;
|   return 0;
| }
configure:6275: result: yes
configure:6414: checking that generated files are newer than configure
configure:6420: result: done
configure:6447: creating ./config.status

## ---------------------- ##
## Running config.status. ##
## ---------------------- ##

This file was extended by RNAforester config.status 2.0.1, which was
generated by GNU Autoconf 2.71.  Invocation command line was

  CONFIG_FILES    = 
  CONFIG_HEADERS  = 
  CONFIG_LINKS    = 
  CONFIG_COMMANDS = 
  $ ./config.status 

on HMs-MacBook-Air.home

config.status:871: creating Makefile
config.status:871: creating src/Makefile
config.status:871: creating man/Makefile
config.status:871: creating config.h
config.status:1052: config.h is unchanged
config.status:1100: executing depfiles commands
config.status:1177: cd src       && sed -e '/# am--include-marker/d' Makefile         | make -f - am--depfiles
make: Nothing to be done for `am--depfiles'.
config.status:1182: $? = 0
configure:7829: === configuring in g2-0.72 (/Users/hmvanrossum/Documents/10-19_Programming/12_Projects/12.83_viennaRNA/libs/ViennaRNA/src/RNAforester/g2-0.72)
configure:7890: running /bin/sh ./configure --disable-option-checking '--prefix=/usr/local'  '--disable-openmp' '--without-perl' '--disable-lto' '--without-python' 'CPPFLAGS=-I/opt/homebrew/opt/openjdk@17/include' 'CC=gcc' 'CXX=g++' 'CFLAGS=-g -O2' 'CXXFLAGS=-g -O2' 'AR=ar' 'RANLIB=ranlib' 'NM=/usr/bin/nm -B' 'VRNA_CFLAGS=-I$(top_srcdir)/../../src/ViennaRNA -I$(top_srcdir)/../../src -DVRNA_WITH_NAVIEW_LAYOUT' 'VRNA_LIBS=-fno-strict-aliasing -L$(top_builddir)/../../src/ViennaRNA -lRNA -lpthread -lstdc++' --cache-file=/dev/null --srcdir=.

## ---------------- ##
## Cache variables. ##
## ---------------- ##

ac_cv_c_compiler_gnu=yes
ac_cv_c_const=yes
ac_cv_c_inline=inline
ac_cv_cxx_compiler_gnu=yes
ac_cv_env_CCC_set=
ac_cv_env_CCC_value=
ac_cv_env_CC_set=set
ac_cv_env_CC_value=gcc
ac_cv_env_CFLAGS_set=set
ac_cv_env_CFLAGS_value='-g -O2'
ac_cv_env_CPPFLAGS_set=set
ac_cv_env_CPPFLAGS_value=-I/opt/homebrew/opt/openjdk@17/include
ac_cv_env_CXXFLAGS_set=set
ac_cv_env_CXXFLAGS_value='-g -O2'
ac_cv_env_CXX_set=set
ac_cv_env_CXX_value=g++
ac_cv_env_LDFLAGS_set=
ac_cv_env_LDFLAGS_value=
ac_cv_env_LIBS_set=
ac_cv_env_LIBS_value=
ac_cv_env_PKG_CONFIG_LIBDIR_set=
ac_cv_env_PKG_CONFIG_LIBDIR_value=
ac_cv_env_PKG_CONFIG_PATH_set=
ac_cv_env_PKG_CONFIG_PATH_value=
ac_cv_env_PKG_CONFIG_set=
ac_cv_env_PKG_CONFIG_value=
ac_cv_env_VRNA_CFLAGS_set=set
ac_cv_env_VRNA_CFLAGS_value='-I$(top_srcdir)/../../src/ViennaRNA -I$(top_srcdir)/../../src -DVRNA_WITH_NAVIEW_LAYOUT'
ac_cv_env_VRNA_LIBS_set=set
ac_cv_env_VRNA_LIBS_value='-fno-strict-aliasing -L$(top_builddir)/../../src/ViennaRNA -lRNA -lpthread -lstdc++'
ac_cv_env_YACC_set=
ac_cv_env_YACC_value=
ac_cv_env_YFLAGS_set=
ac_cv_env_YFLAGS_value=
ac_cv_env_build_alias_set=
ac_cv_env_build_alias_value=
ac_cv_env_host_alias_set=
ac_cv_env_host_alias_value=
ac_cv_env_target_alias_set=
ac_cv_env_target_alias_value=
ac_cv_header_g2_h=yes
ac_cv_header_inttypes_h=yes
ac_cv_header_stdint_h=yes
ac_cv_header_stdio_h=yes
ac_cv_header_stdlib_h=yes
ac_cv_header_string_h=yes
ac_cv_header_strings_h=yes
ac_cv_header_sys_stat_h=yes
ac_cv_header_sys_types_h=yes
ac_cv_header_unistd_h=yes
ac_cv_lib_lex='none needed'
ac_cv_objext=o
ac_cv_path_EGREP='/opt/homebrew/opt/grep/libexec/gnubin/grep -E'
ac_cv_path_GREP=/opt/homebrew/opt/grep/libexec/gnubin/grep
ac_cv_path_ac_pt_PKG_CONFIG=/opt/homebrew/bin/pkg-config
ac_cv_path_install='/usr/local/opt/coreutils/libexec/gnubin/install -c'
ac_cv_path_mkdir=/usr/local/opt/coreutils/libexec/gnubin/mkdir
ac_cv_prog_AWK=awk
ac_cv_prog_LEX=flex
ac_cv_prog_YACC='bison -y'
ac_cv_prog_ac_ct_CC=gcc
ac_cv_prog_cc_c11=
ac_cv_prog_cc_g=yes
ac_cv_prog_cc_stdc=
ac_cv_prog_cxx_11=no
ac_cv_prog_cxx_cxx11=
ac_cv_prog_cxx_g=yes
ac_cv_prog_cxx_stdcxx=
ac_cv_prog_lex_root=lex.yy
ac_cv_prog_lex_yytext_pointer=yes
ac_cv_prog_make_make_set=yes
ac_cv_search_yywrap=-ll
ac_cv_type_size_t=yes
am_cv_CC_dependencies_compiler_type=gcc3
am_cv_CXX_dependencies_compiler_type=gcc3
am_cv_make_support_nested_variables=yes
am_cv_prog_cc_c_o=yes
pkg_cv_VRNA_CFLAGS='-I$(top_srcdir)/../../src/ViennaRNA -I$(top_srcdir)/../../src -DVRNA_WITH_NAVIEW_LAYOUT'
pkg_cv_VRNA_LIBS='-fno-strict-aliasing -L$(top_builddir)/../../src/ViennaRNA -lRNA -lpthread -lstdc++'

## ----------------- ##
## Output variables. ##
## ----------------- ##

ACLOCAL='${SHELL} '\''/Users/hmvanrossum/Documents/10-19_Programming/12_Projects/12.83_viennaRNA/libs/ViennaRNA/src/RNAforester/missing'\'' aclocal-1.16'
AMDEPBACKSLASH='\'
AMDEP_FALSE='#'
AMDEP_TRUE=''
AMTAR='$${TAR-tar}'
AM_BACKSLASH='\'
AM_DEFAULT_V='$(AM_DEFAULT_VERBOSITY)'
AM_DEFAULT_VERBOSITY='0'
AM_V='$(V)'
AUTOCONF='${SHELL} '\''/Users/hmvanrossum/Documents/10-19_Programming/12_Projects/12.83_viennaRNA/libs/ViennaRNA/src/RNAforester/missing'\'' autoconf'
AUTOHEADER='${SHELL} '\''/Users/hmvanrossum/Documents/10-19_Programming/12_Projects/12.83_viennaRNA/libs/ViennaRNA/src/RNAforester/missing'\'' autoheader'
AUTOMAKE='${SHELL} '\''/Users/hmvanrossum/Documents/10-19_Programming/12_Projects/12.83_viennaRNA/libs/ViennaRNA/src/RNAforester/missing'\'' automake-1.16'
AWK='awk'
CC='gcc'
CCDEPMODE='depmode=gcc3'
CFLAGS='-g -O2'
CPPFLAGS='-I/opt/homebrew/opt/openjdk@17/include -I../g2-0.72/include/ '
CSCOPE='cscope'
CTAGS='ctags'
CXX='g++'
CXXDEPMODE='depmode=gcc3'
CXXFLAGS='-g -O2'
CYGPATH_W='echo'
DEFS='-DHAVE_CONFIG_H'
DEPDIR='.deps'
ECHO_C='\c'
ECHO_N=''
ECHO_T=''
EGREP='/opt/homebrew/opt/grep/libexec/gnubin/grep -E'
ETAGS='etags'
EXEEXT=''
GREP='/opt/homebrew/opt/grep/libexec/gnubin/grep'
INSTALL_DATA='${INSTALL} -m 644'
INSTALL_PROGRAM='${INSTALL}'
INSTALL_SCRIPT='${INSTALL}'
INSTALL_STRIP_PROGRAM='$(install_sh) -c -s'
LDFLAGS='-L../g2-0.72 '
LEX='flex'
LEXLIB='-ll '
LEX_OUTPUT_ROOT='lex.yy'
LIBOBJS=''
LIBS='-lg2 '
LTLIBOBJS=''
MAKEINFO='${SHELL} '\''/Users/hmvanrossum/Documents/10-19_Programming/12_Projects/12.83_viennaRNA/libs/ViennaRNA/src/RNAforester/missing'\'' makeinfo'
MKDIR_P='/usr/local/opt/coreutils/libexec/gnubin/mkdir -p'
OBJEXT='o'
OPENMP_CXXFLAGS=''
PACKAGE='RNAforester'
PACKAGE_BUGREPORT='sschirme@techfak.uni-bielefeld.de'
PACKAGE_NAME='RNAforester'
PACKAGE_STRING='RNAforester 2.0.1'
PACKAGE_TARNAME='RNAforester'
PACKAGE_URL=''
PACKAGE_VERSION='2.0.1'
PATH_SEPARATOR=':'
PKG_CONFIG='/opt/homebrew/bin/pkg-config'
PKG_CONFIG_LIBDIR=''
PKG_CONFIG_PATH=''
SET_MAKE=''
SHELL='/bin/sh'
STRIP=''
VERSION='2.0.1'
VRNA_CFLAGS='-I$(top_srcdir)/../../src/ViennaRNA -I$(top_srcdir)/../../src -DVRNA_WITH_NAVIEW_LAYOUT'
VRNA_LIBS='-fno-strict-aliasing -L$(top_builddir)/../../src/ViennaRNA -lRNA -lpthread -lstdc++'
YACC='bison -y'
YFLAGS=''
ac_ct_CC='gcc'
ac_ct_CXX=''
am__EXEEXT_FALSE=''
am__EXEEXT_TRUE='#'
am__fastdepCC_FALSE='#'
am__fastdepCC_TRUE=''
am__fastdepCXX_FALSE='#'
am__fastdepCXX_TRUE=''
am__include='include'
am__isrc=''
am__leading_dot='.'
am__nodep='_no'
am__quote=''
am__tar='$${TAR-tar} chof - "$$tardir"'
am__untar='$${TAR-tar} xf -'
bindir='${exec_prefix}/bin'
build_alias=''
datadir='${datarootdir}'
datarootdir='${prefix}/share'
docdir='${datarootdir}/doc/${PACKAGE_TARNAME}'
dvidir='${docdir}'
exec_prefix='${prefix}'
host_alias=''
htmldir='${docdir}'
includedir='${prefix}/include'
infodir='${datarootdir}/info'
install_sh='${SHELL} /Users/hmvanrossum/Documents/10-19_Programming/12_Projects/12.83_viennaRNA/libs/ViennaRNA/src/RNAforester/install-sh'
libdir='${exec_prefix}/lib'
libexecdir='${exec_prefix}/libexec'
localedir='${datarootdir}/locale'
localstatedir='${prefix}/var'
mandir='${datarootdir}/man'
mkdir_p='$(MKDIR_P)'
oldincludedir='/usr/include'
pdfdir='${docdir}'
prefix='/usr/local'
program_transform_name='s,x,x,'
psdir='${docdir}'
runstatedir='${localstatedir}/run'
sbindir='${exec_prefix}/sbin'
sharedstatedir='${prefix}/com'
subdirs=' g2-0.72'
sysconfdir='${prefix}/etc'
target_alias=''

## ----------- ##
## confdefs.h. ##
## ----------- ##

/* confdefs.h */
#define PACKAGE_NAME "RNAforester"
#define PACKAGE_TARNAME "RNAforester"
#define PACKAGE_VERSION "2.0.1"
#define PACKAGE_STRING "RNAforester 2.0.1"
#define PACKAGE_BUGREPORT "sschirme@techfak.uni-bielefeld.de"
#define PACKAGE_URL ""
#define PACKAGE "RNAforester"
#define VERSION "2.0.1"
#define YYTEXT_POINTER 1
#define HAVE_LIBRNA /**/
#define HAVE_STDIO_H 1
#define HAVE_STDLIB_H 1
#define HAVE_STRING_H 1
#define HAVE_INTTYPES_H 1
#define HAVE_STDINT_H 1
#define HAVE_STRINGS_H 1
#define HAVE_SYS_STAT_H 1
#define HAVE_SYS_TYPES_H 1
#define HAVE_UNISTD_H 1
#define STDC_HEADERS 1
#define HAVE_LIBG2 1

configure: exit 0
