This file contains any messages produced by compilers while
running configure, to aid debugging if configure makes a mistake.

It was created by RNAlocmin configure 2.1.0, which was
generated by GNU Autoconf 2.71.  Invocation command line was

  $ ./configure --disable-option-checking --prefix=/usr/local --disable-openmp --without-perl --disable-lto --without-python CPPFLAGS=-I/opt/homebrew/opt/openjdk@17/include CC=gcc CXX=g++ 'CFLAGS=-g -O2' 'CXXFLAGS=-g -O2' AR=ar RANLIB=ranlib 'NM=/usr/bin/nm -B' 'VRNA_CFLAGS=-I$(top_srcdir)/../../src/ViennaRNA -I$(top_srcdir)/../../src -DVRNA_WITH_NAVIEW_LAYOUT' 'VRNA_LIBS=-fno-strict-aliasing -L$(top_builddir)/../../src/ViennaRNA -lRNA -lpthread -lstdc++' --cache-file=/dev/null --srcdir=.

## --------- ##
## Platform. ##
## --------- ##

hostname = HMs-MacBook-Air.home
uname -m = x86_64
uname -r = 21.3.0
uname -s = Darwin
uname -v = Darwin Kernel Version 21.3.0: Wed Jan  5 21:37:58 PST 2022; root:xnu-8019.80.24~20/RELEASE_ARM64_T8101

/usr/bin/uname -p = arm
/bin/uname -X     = unknown

/bin/arch              = unknown
/usr/bin/arch -k       = unknown
/usr/convex/getsysinfo = unknown
/usr/bin/hostinfo      = Mach kernel version:
	 Darwin Kernel Version 21.3.0: Wed Jan  5 21:37:58 PST 2022; root:xnu-8019.80.24~20/RELEASE_ARM64_T8101
Kernel configured for up to 8 processors.
8 processors are physically available.
8 processors are logically available.
Processor type: arm64e (ARM64E)
Processors active: 0 1 2 3 4 5 6 7
Primary memory available: 16.00 gigabytes
Default processor set: 450 tasks, 3959 threads, 8 processors
Load average: 2.92, Mach factor: 5.06
/bin/machine           = unknown
/usr/bin/oslevel       = unknown
/bin/universe          = unknown

PATH: /Users/hmvanrossum/Library/Caches/pypoetry/virtualenvs/agpt-YuoE86yp-py3.10/bin/
PATH: /usr/local/opt/gnu-sed/libexec/gnubin/
PATH: /usr/local/opt/coreutils/libexec/gnubin/
PATH: /Users/hmvanrossum/.espressif/tools/riscv32-esp-elf/esp-12.2.0_20230208/riscv32-esp-elf/bin/
PATH: /Users/hmvanrossum/.espressif/tools/xtensa-esp32-elf/esp-12.2.0_20230208/xtensa-esp32-elf/bin/
PATH: /Library/TeX/texbin/
PATH: /opt/homebrew/opt/grep/libexec/gnubin/
PATH: /opt/homebrew/opt/openjdk@17/bin/
PATH: /Users/hmvanrossum/google-cloud-sdk/bin/
PATH: /usr/local/bin/
PATH: /usr/local/opt/gnu-sed/libexec/gnubin/
PATH: /usr/local/opt/coreutils/libexec/gnubin/
PATH: /Users/hmvanrossum/.espressif/tools/riscv32-esp-elf/esp-12.2.0_20230208/riscv32-esp-elf/bin/
PATH: /Users/hmvanrossum/.espressif/tools/xtensa-esp32-elf/esp-12.2.0_20230208/xtensa-esp32-elf/bin/
PATH: /Library/TeX/texbin/
PATH: /opt/homebrew/opt/grep/libexec/gnubin/
PATH: /opt/homebrew/opt/openjdk@17/bin/
PATH: /Users/hmvanrossum/google-cloud-sdk/bin/
PATH: /Users/hmvanrossum/mambaforge/bin/
PATH: /Users/hmvanrossum/mambaforge/condabin/
PATH: /usr/local/bin/
PATH: /Library/Frameworks/Python.framework/Versions/3.10/bin/
PATH: /opt/homebrew/bin/
PATH: /opt/homebrew/sbin/
PATH: /usr/local/bin/
PATH: /usr/bin/
PATH: /bin/
PATH: /usr/sbin/
PATH: /sbin/
PATH: /Library/TeX/texbin/
PATH: /usr/local/go/bin/
PATH: /Users/hmvanrossum/.cargo/bin/
PATH: /Users/hmvanrossum/go/bin/
PATH: /Users/hmvanrossum/go/bin/


## ----------- ##
## Core tests. ##
## ----------- ##

configure:2759: looking for aux files: config.guess config.sub missing install-sh compile
configure:2772:  trying ./
configure:2801:   ./config.guess found
configure:2801:   ./config.sub found
configure:2801:   ./missing found
configure:2783:   ./install-sh found
configure:2801:   ./compile found
configure:2988: checking for gcc
configure:3020: result: gcc
configure:3373: checking for C compiler version
configure:3382: gcc --version >&5
gcc (Homebrew GCC 13.2.0) 13.2.0
Copyright (C) 2023 Free Software Foundation, Inc.
This is free software; see the source for copying conditions.  There is NO
warranty; not even for MERCHANTABILITY or FITNESS FOR A PARTICULAR PURPOSE.

configure:3393: $? = 0
configure:3382: gcc -v >&5
Using built-in specs.
COLLECT_GCC=gcc
COLLECT_LTO_WRAPPER=/opt/homebrew/Cellar/gcc/13.2.0/bin/../libexec/gcc/aarch64-apple-darwin21/13/lto-wrapper
Target: aarch64-apple-darwin21
Configured with: ../configure --prefix=/opt/homebrew/opt/gcc --libdir=/opt/homebrew/opt/gcc/lib/gcc/current --disable-nls --enable-checking=release --with-gcc-major-version-only --enable-languages=c,c++,objc,obj-c++,fortran --program-suffix=-13 --with-gmp=/opt/homebrew/opt/gmp --with-mpfr=/opt/homebrew/opt/mpfr --with-mpc=/opt/homebrew/opt/libmpc --with-isl=/opt/homebrew/opt/isl --with-zstd=/opt/homebrew/opt/zstd --with-pkgversion='Homebrew GCC 13.2.0' --with-bugurl=https://github.com/Homebrew/homebrew-core/issues --with-system-zlib --build=aarch64-apple-darwin21 --with-sysroot=/Library/Developer/CommandLineTools/SDKs/MacOSX12.sdk
Thread model: posix
Supported LTO compression algorithms: zlib zstd
gcc version 13.2.0 (Homebrew GCC 13.2.0) 
configure:3393: $? = 0
configure:3382: gcc -V >&5
gcc: error: unrecognized command-line option '-V'
gcc: fatal error: no input files
compilation terminated.
configure:3393: $? = 1
configure:3382: gcc -qversion >&5
gcc: error: unrecognized command-line option '-qversion'; did you mean '--version'?
gcc: fatal error: no input files
compilation terminated.
configure:3393: $? = 1
configure:3382: gcc -version >&5
gcc: error: unrecognized command-line option '-version'
gcc: fatal error: no input files
compilation terminated.
configure:3393: $? = 1
configure:3413: checking whether the C compiler works
configure:3435: gcc -g -O2 -I/opt/homebrew/opt/openjdk@17/include  conftest.c  >&5
configure:3439: $? = 0
configure:3489: result: yes
configure:3492: checking for C compiler default output file name
configure:3494: result: a.out
configure:3500: checking for suffix of executables
configure:3507: gcc -o conftest -g -O2 -I/opt/homebrew/opt/openjdk@17/include  conftest.c  >&5
configure:3511: $? = 0
configure:3534: result: 
configure:3556: checking whether we are cross compiling
configure:3564: gcc -o conftest -g -O2 -I/opt/homebrew/opt/openjdk@17/include  conftest.c  >&5
configure:3568: $? = 0
configure:3575: ./conftest
configure:3579: $? = 0
configure:3594: result: no
configure:3599: checking for suffix of object files
configure:3622: gcc -c -g -O2 -I/opt/homebrew/opt/openjdk@17/include conftest.c >&5
configure:3626: $? = 0
configure:3648: result: o
configure:3652: checking whether the compiler supports GNU C
configure:3672: gcc -c -g -O2 -I/opt/homebrew/opt/openjdk@17/include conftest.c >&5
configure:3672: $? = 0
configure:3682: result: yes
configure:3693: checking whether gcc accepts -g
configure:3714: gcc -c -g -I/opt/homebrew/opt/openjdk@17/include conftest.c >&5
configure:3714: $? = 0
configure:3758: result: yes
configure:3778: checking for gcc option to enable C11 features
configure:3793: gcc  -c -g -O2 -I/opt/homebrew/opt/openjdk@17/include conftest.c >&5
configure:3793: $? = 0
configure:3811: result: none needed
configure:3927: checking whether gcc understands -c and -o together
configure:3950: gcc -c conftest.c -o conftest2.o
configure:3953: $? = 0
configure:3950: gcc -c conftest.c -o conftest2.o
configure:3953: $? = 0
configure:3965: result: yes
configure:3987: checking for stdio.h
configure:3987: gcc -c -g -O2 -I/opt/homebrew/opt/openjdk@17/include conftest.c >&5
configure:3987: $? = 0
configure:3987: result: yes
configure:3987: checking for stdlib.h
configure:3987: gcc -c -g -O2 -I/opt/homebrew/opt/openjdk@17/include conftest.c >&5
configure:3987: $? = 0
configure:3987: result: yes
configure:3987: checking for string.h
configure:3987: gcc -c -g -O2 -I/opt/homebrew/opt/openjdk@17/include conftest.c >&5
configure:3987: $? = 0
configure:3987: result: yes
configure:3987: checking for inttypes.h
configure:3987: gcc -c -g -O2 -I/opt/homebrew/opt/openjdk@17/include conftest.c >&5
configure:3987: $? = 0
configure:3987: result: yes
configure:3987: checking for stdint.h
configure:3987: gcc -c -g -O2 -I/opt/homebrew/opt/openjdk@17/include conftest.c >&5
configure:3987: $? = 0
configure:3987: result: yes
configure:3987: checking for strings.h
configure:3987: gcc -c -g -O2 -I/opt/homebrew/opt/openjdk@17/include conftest.c >&5
configure:3987: $? = 0
configure:3987: result: yes
configure:3987: checking for sys/stat.h
configure:3987: gcc -c -g -O2 -I/opt/homebrew/opt/openjdk@17/include conftest.c >&5
configure:3987: $? = 0
configure:3987: result: yes
configure:3987: checking for sys/types.h
configure:3987: gcc -c -g -O2 -I/opt/homebrew/opt/openjdk@17/include conftest.c >&5
configure:3987: $? = 0
configure:3987: result: yes
configure:3987: checking for unistd.h
configure:3987: gcc -c -g -O2 -I/opt/homebrew/opt/openjdk@17/include conftest.c >&5
configure:3987: $? = 0
configure:3987: result: yes
configure:3987: checking for wchar.h
configure:3987: gcc -c -g -O2 -I/opt/homebrew/opt/openjdk@17/include conftest.c >&5
configure:3987: $? = 0
configure:3987: result: yes
configure:3987: checking for minix/config.h
configure:3987: gcc -c -g -O2 -I/opt/homebrew/opt/openjdk@17/include conftest.c >&5
conftest.c:47:10: fatal error: minix/config.h: No such file or directory
   47 | #include <minix/config.h>
      |          ^~~~~~~~~~~~~~~~
compilation terminated.
configure:3987: $? = 1
configure: failed program was:
| /* confdefs.h */
| #define PACKAGE_NAME "RNAlocmin"
| #define PACKAGE_TARNAME "rnalocmin"
| #define PACKAGE_VERSION "2.1.0"
| #define PACKAGE_STRING "RNAlocmin 2.1.0"
| #define PACKAGE_BUGREPORT ""
| #define PACKAGE_URL ""
| #define HAVE_STDIO_H 1
| #define HAVE_STDLIB_H 1
| #define HAVE_STRING_H 1
| #define HAVE_INTTYPES_H 1
| #define HAVE_STDINT_H 1
| #define HAVE_STRINGS_H 1
| #define HAVE_SYS_STAT_H 1
| #define HAVE_SYS_TYPES_H 1
| #define HAVE_UNISTD_H 1
| #define HAVE_WCHAR_H 1
| /* end confdefs.h.  */
| #include <stddef.h>
| #ifdef HAVE_STDIO_H
| # include <stdio.h>
| #endif
| #ifdef HAVE_STDLIB_H
| # include <stdlib.h>
| #endif
| #ifdef HAVE_STRING_H
| # include <string.h>
| #endif
| #ifdef HAVE_INTTYPES_H
| # include <inttypes.h>
| #endif
| #ifdef HAVE_STDINT_H
| # include <stdint.h>
| #endif
| #ifdef HAVE_STRINGS_H
| # include <strings.h>
| #endif
| #ifdef HAVE_SYS_TYPES_H
| # include <sys/types.h>
| #endif
| #ifdef HAVE_SYS_STAT_H
| # include <sys/stat.h>
| #endif
| #ifdef HAVE_UNISTD_H
| # include <unistd.h>
| #endif
| #include <minix/config.h>
configure:3987: result: no
configure:4018: checking whether it is safe to define __EXTENSIONS__
configure:4037: gcc -c -g -O2 -I/opt/homebrew/opt/openjdk@17/include conftest.c >&5
configure:4037: $? = 0
configure:4045: result: yes
configure:4048: checking whether _XOPEN_SOURCE should be defined
configure:4070: gcc -c -g -O2 -I/opt/homebrew/opt/openjdk@17/include conftest.c >&5
configure:4070: $? = 0
configure:4097: result: no
configure:4166: checking whether make supports nested variables
configure:4184: result: yes
configure:4212: checking for a BSD-compatible install
configure:4285: result: /usr/local/opt/coreutils/libexec/gnubin/install -c
configure:4296: checking whether build environment is sane
configure:4351: result: yes
configure:4506: checking for a race-free mkdir -p
configure:4550: result: /usr/local/opt/coreutils/libexec/gnubin/mkdir -p
configure:4557: checking for gawk
configure:4592: result: no
configure:4557: checking for mawk
configure:4592: result: no
configure:4557: checking for nawk
configure:4592: result: no
configure:4557: checking for awk
configure:4578: found /usr/bin/awk
configure:4589: result: awk
configure:4600: checking whether make sets $(MAKE)
configure:4623: result: yes
configure:4645: checking whether make supports the include directive
configure:4660: make -f confmf.GNU && cat confinc.out
this is the am__doit target
configure:4663: $? = 0
configure:4682: result: yes (GNU style)
configure:4775: checking dependency style of gcc
configure:4887: result: gcc3
configure:4970: checking build system type
configure:4985: result: x86_64-apple-darwin21.3.0
configure:5005: checking host system type
configure:5019: result: x86_64-apple-darwin21.3.0
configure:5169: checking for C++ compiler version
configure:5178: g++ --version >&5
g++ (Homebrew GCC 13.2.0) 13.2.0
Copyright (C) 2023 Free Software Foundation, Inc.
This is free software; see the source for copying conditions.  There is NO
warranty; not even for MERCHANTABILITY or FITNESS FOR A PARTICULAR PURPOSE.

configure:5189: $? = 0
configure:5178: g++ -v >&5
Using built-in specs.
COLLECT_GCC=g++
COLLECT_LTO_WRAPPER=/opt/homebrew/Cellar/gcc/13.2.0/bin/../libexec/gcc/aarch64-apple-darwin21/13/lto-wrapper
Target: aarch64-apple-darwin21
Configured with: ../configure --prefix=/opt/homebrew/opt/gcc --libdir=/opt/homebrew/opt/gcc/lib/gcc/current --disable-nls --enable-checking=release --with-gcc-major-version-only --enable-languages=c,c++,objc,obj-c++,fortran --program-suffix=-13 --with-gmp=/opt/homebrew/opt/gmp --with-mpfr=/opt/homebrew/opt/mpfr --with-mpc=/opt/homebrew/opt/libmpc --with-isl=/opt/homebrew/opt/isl --with-zstd=/opt/homebrew/opt/zstd --with-pkgversion='Homebrew GCC 13.2.0' --with-bugurl=https://github.com/Homebrew/homebrew-core/issues --with-system-zlib --build=aarch64-apple-darwin21 --with-sysroot=/Library/Developer/CommandLineTools/SDKs/MacOSX12.sdk
Thread model: posix
Supported LTO compression algorithms: zlib zstd
gcc version 13.2.0 (Homebrew GCC 13.2.0) 
configure:5189: $? = 0
configure:5178: g++ -V >&5
g++: error: unrecognized command-line option '-V'
g++: fatal error: no input files
compilation terminated.
configure:5189: $? = 1
configure:5178: g++ -qversion >&5
g++: error: unrecognized command-line option '-qversion'; did you mean '--version'?
g++: fatal error: no input files
compilation terminated.
configure:5189: $? = 1
configure:5193: checking whether the compiler supports GNU C++
configure:5213: g++ -c -g -O2 -I/opt/homebrew/opt/openjdk@17/include conftest.cpp >&5
configure:5213: $? = 0
configure:5223: result: yes
configure:5234: checking whether g++ accepts -g
configure:5255: g++ -c -g -I/opt/homebrew/opt/openjdk@17/include conftest.cpp >&5
configure:5255: $? = 0
configure:5299: result: yes
configure:5319: checking for g++ option to enable C++11 features
configure:5334: g++  -c -g -O2 -I/opt/homebrew/opt/openjdk@17/include conftest.cpp >&5
conftest.cpp: In function 'int main(int, char**)':
conftest.cpp:204:25: warning: empty parentheses were disambiguated as a function declaration [-Wvexing-parse]
  204 |   cxx11test::delegate d2();
      |                         ^~
conftest.cpp:204:25: note: remove parentheses to default-initialize a variable
  204 |   cxx11test::delegate d2();
      |                         ^~
      |                         --
conftest.cpp:204:25: note: or replace parentheses with braces to value-initialize a variable
configure:5334: $? = 0
configure:5352: result: none needed
configure:5418: checking dependency style of g++
configure:5530: result: gcc3
configure:5550: checking how to run the C++ preprocessor
configure:5572: g++ -E -I/opt/homebrew/opt/openjdk@17/include conftest.cpp
configure:5572: $? = 0
configure:5587: g++ -E -I/opt/homebrew/opt/openjdk@17/include conftest.cpp
conftest.cpp:38:10: fatal error: ac_nonexistent.h: No such file or directory
   38 | #include <ac_nonexistent.h>
      |          ^~~~~~~~~~~~~~~~~~
compilation terminated.
configure:5587: $? = 1
configure: failed program was:
| /* confdefs.h */
| #define PACKAGE_NAME "RNAlocmin"
| #define PACKAGE_TARNAME "rnalocmin"
| #define PACKAGE_VERSION "2.1.0"
| #define PACKAGE_STRING "RNAlocmin 2.1.0"
| #define PACKAGE_BUGREPORT ""
| #define PACKAGE_URL ""
| #define HAVE_STDIO_H 1
| #define HAVE_STDLIB_H 1
| #define HAVE_STRING_H 1
| #define HAVE_INTTYPES_H 1
| #define HAVE_STDINT_H 1
| #define HAVE_STRINGS_H 1
| #define HAVE_SYS_STAT_H 1
| #define HAVE_SYS_TYPES_H 1
| #define HAVE_UNISTD_H 1
| #define HAVE_WCHAR_H 1
| #define STDC_HEADERS 1
| #define _ALL_SOURCE 1
| #define _DARWIN_C_SOURCE 1
| #define _GNU_SOURCE 1
| #define _HPUX_ALT_XOPEN_SOCKET_API 1
| #define _NETBSD_SOURCE 1
| #define _OPENBSD_SOURCE 1
| #define _POSIX_PTHREAD_SEMANTICS 1
| #define __STDC_WANT_IEC_60559_ATTRIBS_EXT__ 1
| #define __STDC_WANT_IEC_60559_BFP_EXT__ 1
| #define __STDC_WANT_IEC_60559_DFP_EXT__ 1
| #define __STDC_WANT_IEC_60559_FUNCS_EXT__ 1
| #define __STDC_WANT_IEC_60559_TYPES_EXT__ 1
| #define __STDC_WANT_LIB_EXT2__ 1
| #define __STDC_WANT_MATH_SPEC_FUNCS__ 1
| #define _TANDEM_SOURCE 1
| #define __EXTENSIONS__ 1
| #define PACKAGE "rnalocmin"
| #define VERSION "2.1.0"
| /* end confdefs.h.  */
| #include <ac_nonexistent.h>
configure:5614: result: g++ -E
configure:5628: g++ -E -I/opt/homebrew/opt/openjdk@17/include conftest.cpp
configure:5628: $? = 0
configure:5643: g++ -E -I/opt/homebrew/opt/openjdk@17/include conftest.cpp
conftest.cpp:38:10: fatal error: ac_nonexistent.h: No such file or directory
   38 | #include <ac_nonexistent.h>
      |          ^~~~~~~~~~~~~~~~~~
compilation terminated.
configure:5643: $? = 1
configure: failed program was:
| /* confdefs.h */
| #define PACKAGE_NAME "RNAlocmin"
| #define PACKAGE_TARNAME "rnalocmin"
| #define PACKAGE_VERSION "2.1.0"
| #define PACKAGE_STRING "RNAlocmin 2.1.0"
| #define PACKAGE_BUGREPORT ""
| #define PACKAGE_URL ""
| #define HAVE_STDIO_H 1
| #define HAVE_STDLIB_H 1
| #define HAVE_STRING_H 1
| #define HAVE_INTTYPES_H 1
| #define HAVE_STDINT_H 1
| #define HAVE_STRINGS_H 1
| #define HAVE_SYS_STAT_H 1
| #define HAVE_SYS_TYPES_H 1
| #define HAVE_UNISTD_H 1
| #define HAVE_WCHAR_H 1
| #define STDC_HEADERS 1
| #define _ALL_SOURCE 1
| #define _DARWIN_C_SOURCE 1
| #define _GNU_SOURCE 1
| #define _HPUX_ALT_XOPEN_SOCKET_API 1
| #define _NETBSD_SOURCE 1
| #define _OPENBSD_SOURCE 1
| #define _POSIX_PTHREAD_SEMANTICS 1
| #define __STDC_WANT_IEC_60559_ATTRIBS_EXT__ 1
| #define __STDC_WANT_IEC_60559_BFP_EXT__ 1
| #define __STDC_WANT_IEC_60559_DFP_EXT__ 1
| #define __STDC_WANT_IEC_60559_FUNCS_EXT__ 1
| #define __STDC_WANT_IEC_60559_TYPES_EXT__ 1
| #define __STDC_WANT_LIB_EXT2__ 1
| #define __STDC_WANT_MATH_SPEC_FUNCS__ 1
| #define _TANDEM_SOURCE 1
| #define __EXTENSIONS__ 1
| #define PACKAGE "rnalocmin"
| #define VERSION "2.1.0"
| /* end confdefs.h.  */
| #include <ac_nonexistent.h>
configure:5726: checking for gcc
configure:5758: result: gcc
configure:6111: checking for C compiler version
configure:6120: gcc --version >&5
gcc (Homebrew GCC 13.2.0) 13.2.0
Copyright (C) 2023 Free Software Foundation, Inc.
This is free software; see the source for copying conditions.  There is NO
warranty; not even for MERCHANTABILITY or FITNESS FOR A PARTICULAR PURPOSE.

configure:6131: $? = 0
configure:6120: gcc -v >&5
Using built-in specs.
COLLECT_GCC=gcc
COLLECT_LTO_WRAPPER=/opt/homebrew/Cellar/gcc/13.2.0/bin/../libexec/gcc/aarch64-apple-darwin21/13/lto-wrapper
Target: aarch64-apple-darwin21
Configured with: ../configure --prefix=/opt/homebrew/opt/gcc --libdir=/opt/homebrew/opt/gcc/lib/gcc/current --disable-nls --enable-checking=release --with-gcc-major-version-only --enable-languages=c,c++,objc,obj-c++,fortran --program-suffix=-13 --with-gmp=/opt/homebrew/opt/gmp --with-mpfr=/opt/homebrew/opt/mpfr --with-mpc=/opt/homebrew/opt/libmpc --with-isl=/opt/homebrew/opt/isl --with-zstd=/opt/homebrew/opt/zstd --with-pkgversion='Homebrew GCC 13.2.0' --with-bugurl=https://github.com/Homebrew/homebrew-core/issues --with-system-zlib --build=aarch64-apple-darwin21 --with-sysroot=/Library/Developer/CommandLineTools/SDKs/MacOSX12.sdk
Thread model: posix
Supported LTO compression algorithms: zlib zstd
gcc version 13.2.0 (Homebrew GCC 13.2.0) 
configure:6131: $? = 0
configure:6120: gcc -V >&5
gcc: error: unrecognized command-line option '-V'
gcc: fatal error: no input files
compilation terminated.
configure:6131: $? = 1
configure:6120: gcc -qversion >&5
gcc: error: unrecognized command-line option '-qversion'; did you mean '--version'?
gcc: fatal error: no input files
compilation terminated.
configure:6131: $? = 1
configure:6120: gcc -version >&5
gcc: error: unrecognized command-line option '-version'
gcc: fatal error: no input files
compilation terminated.
configure:6131: $? = 1
configure:6135: checking whether the compiler supports GNU C
configure:6165: result: yes
configure:6176: checking whether gcc accepts -g
configure:6241: result: yes
configure:6261: checking for gcc option to enable C11 features
configure:6294: result: none needed
configure:6410: checking whether gcc understands -c and -o together
configure:6448: result: yes
configure:6470: checking how to run the C preprocessor
configure:6496: gcc -E -I/opt/homebrew/opt/openjdk@17/include conftest.c
configure:6496: $? = 0
configure:6511: gcc -E -I/opt/homebrew/opt/openjdk@17/include conftest.c
conftest.c:38:10: fatal error: ac_nonexistent.h: No such file or directory
   38 | #include <ac_nonexistent.h>
      |          ^~~~~~~~~~~~~~~~~~
compilation terminated.
configure:6511: $? = 1
configure: failed program was:
| /* confdefs.h */
| #define PACKAGE_NAME "RNAlocmin"
| #define PACKAGE_TARNAME "rnalocmin"
| #define PACKAGE_VERSION "2.1.0"
| #define PACKAGE_STRING "RNAlocmin 2.1.0"
| #define PACKAGE_BUGREPORT ""
| #define PACKAGE_URL ""
| #define HAVE_STDIO_H 1
| #define HAVE_STDLIB_H 1
| #define HAVE_STRING_H 1
| #define HAVE_INTTYPES_H 1
| #define HAVE_STDINT_H 1
| #define HAVE_STRINGS_H 1
| #define HAVE_SYS_STAT_H 1
| #define HAVE_SYS_TYPES_H 1
| #define HAVE_UNISTD_H 1
| #define HAVE_WCHAR_H 1
| #define STDC_HEADERS 1
| #define _ALL_SOURCE 1
| #define _DARWIN_C_SOURCE 1
| #define _GNU_SOURCE 1
| #define _HPUX_ALT_XOPEN_SOCKET_API 1
| #define _NETBSD_SOURCE 1
| #define _OPENBSD_SOURCE 1
| #define _POSIX_PTHREAD_SEMANTICS 1
| #define __STDC_WANT_IEC_60559_ATTRIBS_EXT__ 1
| #define __STDC_WANT_IEC_60559_BFP_EXT__ 1
| #define __STDC_WANT_IEC_60559_DFP_EXT__ 1
| #define __STDC_WANT_IEC_60559_FUNCS_EXT__ 1
| #define __STDC_WANT_IEC_60559_TYPES_EXT__ 1
| #define __STDC_WANT_LIB_EXT2__ 1
| #define __STDC_WANT_MATH_SPEC_FUNCS__ 1
| #define _TANDEM_SOURCE 1
| #define __EXTENSIONS__ 1
| #define PACKAGE "rnalocmin"
| #define VERSION "2.1.0"
| /* end confdefs.h.  */
| #include <ac_nonexistent.h>
configure:6538: result: gcc -E
configure:6552: gcc -E -I/opt/homebrew/opt/openjdk@17/include conftest.c
configure:6552: $? = 0
configure:6567: gcc -E -I/opt/homebrew/opt/openjdk@17/include conftest.c
conftest.c:38:10: fatal error: ac_nonexistent.h: No such file or directory
   38 | #include <ac_nonexistent.h>
      |          ^~~~~~~~~~~~~~~~~~
compilation terminated.
configure:6567: $? = 1
configure: failed program was:
| /* confdefs.h */
| #define PACKAGE_NAME "RNAlocmin"
| #define PACKAGE_TARNAME "rnalocmin"
| #define PACKAGE_VERSION "2.1.0"
| #define PACKAGE_STRING "RNAlocmin 2.1.0"
| #define PACKAGE_BUGREPORT ""
| #define PACKAGE_URL ""
| #define HAVE_STDIO_H 1
| #define HAVE_STDLIB_H 1
| #define HAVE_STRING_H 1
| #define HAVE_INTTYPES_H 1
| #define HAVE_STDINT_H 1
| #define HAVE_STRINGS_H 1
| #define HAVE_SYS_STAT_H 1
| #define HAVE_SYS_TYPES_H 1
| #define HAVE_UNISTD_H 1
| #define HAVE_WCHAR_H 1
| #define STDC_HEADERS 1
| #define _ALL_SOURCE 1
| #define _DARWIN_C_SOURCE 1
| #define _GNU_SOURCE 1
| #define _HPUX_ALT_XOPEN_SOCKET_API 1
| #define _NETBSD_SOURCE 1
| #define _OPENBSD_SOURCE 1
| #define _POSIX_PTHREAD_SEMANTICS 1
| #define __STDC_WANT_IEC_60559_ATTRIBS_EXT__ 1
| #define __STDC_WANT_IEC_60559_BFP_EXT__ 1
| #define __STDC_WANT_IEC_60559_DFP_EXT__ 1
| #define __STDC_WANT_IEC_60559_FUNCS_EXT__ 1
| #define __STDC_WANT_IEC_60559_TYPES_EXT__ 1
| #define __STDC_WANT_LIB_EXT2__ 1
| #define __STDC_WANT_MATH_SPEC_FUNCS__ 1
| #define _TANDEM_SOURCE 1
| #define __EXTENSIONS__ 1
| #define PACKAGE "rnalocmin"
| #define VERSION "2.1.0"
| /* end confdefs.h.  */
| #include <ac_nonexistent.h>
configure:6606: checking whether g++ supports C++11 features by default
configure:6901: g++ -c -g -O2 -I/opt/homebrew/opt/openjdk@17/include conftest.cpp >&5
configure:6901: $? = 0
configure:6909: result: yes
configure:7591: checking for strchr
configure:7591: gcc -o conftest -g -O2 -I/opt/homebrew/opt/openjdk@17/include  conftest.c  >&5
conftest.c:55:6: warning: conflicting types for built-in function 'strchr'; expected 'char *(const char *, int)' [-Wbuiltin-declaration-mismatch]
   55 | char strchr ();
      |      ^~~~~~
conftest.c:47:1: note: 'strchr' is declared in header '<string.h>'
   46 | #include <limits.h>
   47 | #undef strchr
configure:7591: $? = 0
configure:7591: result: yes
configure:7597: checking for strdup
configure:7597: gcc -o conftest -g -O2 -I/opt/homebrew/opt/openjdk@17/include  conftest.c  >&5
conftest.c:56:6: warning: conflicting types for built-in function 'strdup'; expected 'char *(const char *)' [-Wbuiltin-declaration-mismatch]
   56 | char strdup ();
      |      ^~~~~~
configure:7597: $? = 0
configure:7597: result: yes
configure:7603: checking for strtol
configure:7603: gcc -o conftest -g -O2 -I/opt/homebrew/opt/openjdk@17/include  conftest.c  >&5
configure:7603: $? = 0
configure:7603: result: yes
configure:7610: checking for limits.h
configure:7610: gcc -c -g -O2 -I/opt/homebrew/opt/openjdk@17/include conftest.c >&5
configure:7610: $? = 0
configure:7610: result: yes
configure:7617: checking for _Bool
configure:7617: gcc -c -g -O2 -I/opt/homebrew/opt/openjdk@17/include conftest.c >&5
configure:7617: $? = 0
configure:7617: gcc -c -g -O2 -I/opt/homebrew/opt/openjdk@17/include conftest.c >&5
conftest.c: In function 'main':
conftest.c:74:20: error: expected expression before ')' token
   74 | if (sizeof ((_Bool)))
      |                    ^
configure:7617: $? = 1
configure: failed program was:
| /* confdefs.h */
| #define PACKAGE_NAME "RNAlocmin"
| #define PACKAGE_TARNAME "rnalocmin"
| #define PACKAGE_VERSION "2.1.0"
| #define PACKAGE_STRING "RNAlocmin 2.1.0"
| #define PACKAGE_BUGREPORT ""
| #define PACKAGE_URL ""
| #define HAVE_STDIO_H 1
| #define HAVE_STDLIB_H 1
| #define HAVE_STRING_H 1
| #define HAVE_INTTYPES_H 1
| #define HAVE_STDINT_H 1
| #define HAVE_STRINGS_H 1
| #define HAVE_SYS_STAT_H 1
| #define HAVE_SYS_TYPES_H 1
| #define HAVE_UNISTD_H 1
| #define HAVE_WCHAR_H 1
| #define STDC_HEADERS 1
| #define _ALL_SOURCE 1
| #define _DARWIN_C_SOURCE 1
| #define _GNU_SOURCE 1
| #define _HPUX_ALT_XOPEN_SOCKET_API 1
| #define _NETBSD_SOURCE 1
| #define _OPENBSD_SOURCE 1
| #define _POSIX_PTHREAD_SEMANTICS 1
| #define __STDC_WANT_IEC_60559_ATTRIBS_EXT__ 1
| #define __STDC_WANT_IEC_60559_BFP_EXT__ 1
| #define __STDC_WANT_IEC_60559_DFP_EXT__ 1
| #define __STDC_WANT_IEC_60559_FUNCS_EXT__ 1
| #define __STDC_WANT_IEC_60559_TYPES_EXT__ 1
| #define __STDC_WANT_LIB_EXT2__ 1
| #define __STDC_WANT_MATH_SPEC_FUNCS__ 1
| #define _TANDEM_SOURCE 1
| #define __EXTENSIONS__ 1
| #define PACKAGE "rnalocmin"
| #define VERSION "2.1.0"
| #define HAVE_CXX11 1
| #define HAVE_STRCHR 1
| #define HAVE_STRDUP 1
| #define HAVE_STRTOL 1
| #define HAVE_LIMITS_H 1
| /* end confdefs.h.  */
| #include <stddef.h>
| #ifdef HAVE_STDIO_H
| # include <stdio.h>
| #endif
| #ifdef HAVE_STDLIB_H
| # include <stdlib.h>
| #endif
| #ifdef HAVE_STRING_H
| # include <string.h>
| #endif
| #ifdef HAVE_INTTYPES_H
| # include <inttypes.h>
| #endif
| #ifdef HAVE_STDINT_H
| # include <stdint.h>
| #endif
| #ifdef HAVE_STRINGS_H
| # include <strings.h>
| #endif
| #ifdef HAVE_SYS_TYPES_H
| # include <sys/types.h>
| #endif
| #ifdef HAVE_SYS_STAT_H
| # include <sys/stat.h>
| #endif
| #ifdef HAVE_UNISTD_H
| # include <unistd.h>
| #endif
| int
| main (void)
| {
| if (sizeof ((_Bool)))
| 	    return 0;
|   ;
|   return 0;
| }
configure:7617: result: yes
configure:7626: checking for stdbool.h that conforms to C99
configure:7742: gcc -c -g -O2 -I/opt/homebrew/opt/openjdk@17/include conftest.c >&5
configure:7742: $? = 0
configure:7750: result: yes
configure:7753: checking for inline
configure:7770: gcc -c -g -O2 -I/opt/homebrew/opt/openjdk@17/include conftest.c >&5
configure:7770: $? = 0
configure:7779: result: inline
configure:7797: checking for GNU libc compatible malloc
configure:7829: gcc -o conftest -g -O2 -I/opt/homebrew/opt/openjdk@17/include  conftest.c  >&5
configure:7829: $? = 0
configure:7829: ./conftest
configure:7829: $? = 0
configure:7840: result: yes
configure:7862: checking for GNU libc compatible realloc
configure:7894: gcc -o conftest -g -O2 -I/opt/homebrew/opt/openjdk@17/include  conftest.c  >&5
configure:7894: $? = 0
configure:7894: ./conftest
configure:7894: $? = 0
configure:7905: result: yes
configure:7927: checking for working strtod
configure:7970: gcc -o conftest -g -O2 -I/opt/homebrew/opt/openjdk@17/include  conftest.c  >&5
configure:7970: $? = 0
configure:7970: ./conftest
configure:7970: $? = 0
configure:7981: result: yes
configure:8044: checking for size_t
configure:8044: gcc -c -g -O2 -I/opt/homebrew/opt/openjdk@17/include conftest.c >&5
configure:8044: $? = 0
configure:8044: gcc -c -g -O2 -I/opt/homebrew/opt/openjdk@17/include conftest.c >&5
conftest.c: In function 'main':
conftest.c:77:21: error: expected expression before ')' token
   77 | if (sizeof ((size_t)))
      |                     ^
configure:8044: $? = 1
configure: failed program was:
| /* confdefs.h */
| #define PACKAGE_NAME "RNAlocmin"
| #define PACKAGE_TARNAME "rnalocmin"
| #define PACKAGE_VERSION "2.1.0"
| #define PACKAGE_STRING "RNAlocmin 2.1.0"
| #define PACKAGE_BUGREPORT ""
| #define PACKAGE_URL ""
| #define HAVE_STDIO_H 1
| #define HAVE_STDLIB_H 1
| #define HAVE_STRING_H 1
| #define HAVE_INTTYPES_H 1
| #define HAVE_STDINT_H 1
| #define HAVE_STRINGS_H 1
| #define HAVE_SYS_STAT_H 1
| #define HAVE_SYS_TYPES_H 1
| #define HAVE_UNISTD_H 1
| #define HAVE_WCHAR_H 1
| #define STDC_HEADERS 1
| #define _ALL_SOURCE 1
| #define _DARWIN_C_SOURCE 1
| #define _GNU_SOURCE 1
| #define _HPUX_ALT_XOPEN_SOCKET_API 1
| #define _NETBSD_SOURCE 1
| #define _OPENBSD_SOURCE 1
| #define _POSIX_PTHREAD_SEMANTICS 1
| #define __STDC_WANT_IEC_60559_ATTRIBS_EXT__ 1
| #define __STDC_WANT_IEC_60559_BFP_EXT__ 1
| #define __STDC_WANT_IEC_60559_DFP_EXT__ 1
| #define __STDC_WANT_IEC_60559_FUNCS_EXT__ 1
| #define __STDC_WANT_IEC_60559_TYPES_EXT__ 1
| #define __STDC_WANT_LIB_EXT2__ 1
| #define __STDC_WANT_MATH_SPEC_FUNCS__ 1
| #define _TANDEM_SOURCE 1
| #define __EXTENSIONS__ 1
| #define PACKAGE "rnalocmin"
| #define VERSION "2.1.0"
| #define HAVE_CXX11 1
| #define HAVE_STRCHR 1
| #define HAVE_STRDUP 1
| #define HAVE_STRTOL 1
| #define HAVE_LIMITS_H 1
| #define HAVE__BOOL 1
| #define HAVE_MALLOC 1
| #define HAVE_REALLOC 1
| /* end confdefs.h.  */
| #include <stddef.h>
| #ifdef HAVE_STDIO_H
| # include <stdio.h>
| #endif
| #ifdef HAVE_STDLIB_H
| # include <stdlib.h>
| #endif
| #ifdef HAVE_STRING_H
| # include <string.h>
| #endif
| #ifdef HAVE_INTTYPES_H
| # include <inttypes.h>
| #endif
| #ifdef HAVE_STDINT_H
| # include <stdint.h>
| #endif
| #ifdef HAVE_STRINGS_H
| # include <strings.h>
| #endif
| #ifdef HAVE_SYS_TYPES_H
| # include <sys/types.h>
| #endif
| #ifdef HAVE_SYS_STAT_H
| # include <sys/stat.h>
| #endif
| #ifdef HAVE_UNISTD_H
| # include <unistd.h>
| #endif
| int
| main (void)
| {
| if (sizeof ((size_t)))
| 	    return 0;
|   ;
|   return 0;
| }
configure:8044: result: yes
configure:8117: checking for pkg-config
configure:8140: found /opt/homebrew/bin/pkg-config
configure:8152: result: /opt/homebrew/bin/pkg-config
configure:8177: checking pkg-config is at least version 0.9.0
configure:8180: result: yes
configure:8190: checking for VRNA
configure:8275: result: yes
configure:8393: checking that generated files are newer than configure
configure:8399: result: done
configure:8426: creating ./config.status

## ---------------------- ##
## Running config.status. ##
## ---------------------- ##

This file was extended by RNAlocmin config.status 2.1.0, which was
generated by GNU Autoconf 2.71.  Invocation command line was

  CONFIG_FILES    = 
  CONFIG_HEADERS  = 
  CONFIG_LINKS    = 
  CONFIG_COMMANDS = 
  $ ./config.status 

on HMs-MacBook-Air.home

config.status:895: creating Makefile
config.status:895: creating config.h
config.status:1076: config.h is unchanged
config.status:1124: executing depfiles commands
config.status:1201: cd .       && sed -e '/# am--include-marker/d' Makefile         | make -f - am--depfiles
make: Nothing to be done for `am--depfiles'.
config.status:1206: $? = 0

## ---------------- ##
## Cache variables. ##
## ---------------- ##

ac_cv_build=x86_64-apple-darwin21.3.0
ac_cv_c_compiler_gnu=yes
ac_cv_c_inline=inline
ac_cv_cxx_compiler_gnu=yes
ac_cv_env_CCC_set=
ac_cv_env_CCC_value=
ac_cv_env_CC_set=set
ac_cv_env_CC_value=gcc
ac_cv_env_CFLAGS_set=set
ac_cv_env_CFLAGS_value='-g -O2'
ac_cv_env_CPPFLAGS_set=set
ac_cv_env_CPPFLAGS_value=-I/opt/homebrew/opt/openjdk@17/include
ac_cv_env_CPP_set=
ac_cv_env_CPP_value=
ac_cv_env_CXXCPP_set=
ac_cv_env_CXXCPP_value=
ac_cv_env_CXXFLAGS_set=set
ac_cv_env_CXXFLAGS_value='-g -O2'
ac_cv_env_CXX_set=set
ac_cv_env_CXX_value=g++
ac_cv_env_LDFLAGS_set=
ac_cv_env_LDFLAGS_value=
ac_cv_env_LIBS_set=
ac_cv_env_LIBS_value=
ac_cv_env_PKG_CONFIG_LIBDIR_set=
ac_cv_env_PKG_CONFIG_LIBDIR_value=
ac_cv_env_PKG_CONFIG_PATH_set=
ac_cv_env_PKG_CONFIG_PATH_value=
ac_cv_env_PKG_CONFIG_set=
ac_cv_env_PKG_CONFIG_value=
ac_cv_env_VRNA_CFLAGS_set=set
ac_cv_env_VRNA_CFLAGS_value='-I$(top_srcdir)/../../src/ViennaRNA -I$(top_srcdir)/../../src -DVRNA_WITH_NAVIEW_LAYOUT'
ac_cv_env_VRNA_LIBS_set=set
ac_cv_env_VRNA_LIBS_value='-fno-strict-aliasing -L$(top_builddir)/../../src/ViennaRNA -lRNA -lpthread -lstdc++'
ac_cv_env_build_alias_set=
ac_cv_env_build_alias_value=
ac_cv_env_host_alias_set=
ac_cv_env_host_alias_value=
ac_cv_env_target_alias_set=
ac_cv_env_target_alias_value=
ac_cv_func_malloc_0_nonnull=yes
ac_cv_func_realloc_0_nonnull=yes
ac_cv_func_strchr=yes
ac_cv_func_strdup=yes
ac_cv_func_strtod=yes
ac_cv_func_strtol=yes
ac_cv_header_inttypes_h=yes
ac_cv_header_limits_h=yes
ac_cv_header_minix_config_h=no
ac_cv_header_stdbool_h=yes
ac_cv_header_stdint_h=yes
ac_cv_header_stdio_h=yes
ac_cv_header_stdlib_h=yes
ac_cv_header_string_h=yes
ac_cv_header_strings_h=yes
ac_cv_header_sys_stat_h=yes
ac_cv_header_sys_types_h=yes
ac_cv_header_unistd_h=yes
ac_cv_header_wchar_h=yes
ac_cv_host=x86_64-apple-darwin21.3.0
ac_cv_objext=o
ac_cv_path_ac_pt_PKG_CONFIG=/opt/homebrew/bin/pkg-config
ac_cv_path_install='/usr/local/opt/coreutils/libexec/gnubin/install -c'
ac_cv_path_mkdir=/usr/local/opt/coreutils/libexec/gnubin/mkdir
ac_cv_prog_AWK=awk
ac_cv_prog_CPP='gcc -E'
ac_cv_prog_CXXCPP='g++ -E'
ac_cv_prog_ac_ct_CC=gcc
ac_cv_prog_cc_c11=
ac_cv_prog_cc_g=yes
ac_cv_prog_cc_stdc=
ac_cv_prog_cxx_11=no
ac_cv_prog_cxx_cxx11=
ac_cv_prog_cxx_g=yes
ac_cv_prog_cxx_stdcxx=
ac_cv_prog_make_make_set=yes
ac_cv_safe_to_define___extensions__=yes
ac_cv_should_define__xopen_source=no
ac_cv_type__Bool=yes
ac_cv_type_size_t=yes
am_cv_CC_dependencies_compiler_type=gcc3
am_cv_CXX_dependencies_compiler_type=gcc3
am_cv_make_support_nested_variables=yes
am_cv_prog_cc_c_o=yes
ax_cv_cxx_compile_cxx11=yes
pkg_cv_VRNA_CFLAGS='-I$(top_srcdir)/../../src/ViennaRNA -I$(top_srcdir)/../../src -DVRNA_WITH_NAVIEW_LAYOUT'
pkg_cv_VRNA_LIBS='-fno-strict-aliasing -L$(top_builddir)/../../src/ViennaRNA -lRNA -lpthread -lstdc++'

## ----------------- ##
## Output variables. ##
## ----------------- ##

ACLOCAL='${SHELL} '\''/Users/hmvanrossum/Documents/10-19_Programming/12_Projects/12.83_viennaRNA/libs/ViennaRNA/src/RNAlocmin/missing'\'' aclocal-1.16'
AMDEPBACKSLASH='\'
AMDEP_FALSE='#'
AMDEP_TRUE=''
AMTAR='$${TAR-tar}'
AM_BACKSLASH='\'
AM_DEFAULT_V='$(AM_DEFAULT_VERBOSITY)'
AM_DEFAULT_VERBOSITY='0'
AM_V='$(V)'
AUTOCONF='${SHELL} '\''/Users/hmvanrossum/Documents/10-19_Programming/12_Projects/12.83_viennaRNA/libs/ViennaRNA/src/RNAlocmin/missing'\'' autoconf'
AUTOHEADER='${SHELL} '\''/Users/hmvanrossum/Documents/10-19_Programming/12_Projects/12.83_viennaRNA/libs/ViennaRNA/src/RNAlocmin/missing'\'' autoheader'
AUTOMAKE='${SHELL} '\''/Users/hmvanrossum/Documents/10-19_Programming/12_Projects/12.83_viennaRNA/libs/ViennaRNA/src/RNAlocmin/missing'\'' automake-1.16'
AWK='awk'
CC='gcc'
CCDEPMODE='depmode=gcc3'
CFLAGS='-g -O2'
CPP='gcc -E'
CPPFLAGS='-I/opt/homebrew/opt/openjdk@17/include'
CSCOPE='cscope'
CTAGS='ctags'
CXX='g++'
CXXCPP='g++ -E'
CXXDEPMODE='depmode=gcc3'
CXXFLAGS='-g -O2'
CYGPATH_W='echo'
DEFS='-DHAVE_CONFIG_H'
DEPDIR='.deps'
ECHO_C='\c'
ECHO_N=''
ECHO_T=''
ETAGS='etags'
EXEEXT=''
HAVE_CXX11='1'
INSTALL_DATA='${INSTALL} -m 644'
INSTALL_PROGRAM='${INSTALL}'
INSTALL_SCRIPT='${INSTALL}'
INSTALL_STRIP_PROGRAM='$(install_sh) -c -s'
ISODATE='2023-12-26'
LDFLAGS=''
LIBOBJS=''
LIBS=''
LTLIBOBJS=''
MAKEINFO='${SHELL} '\''/Users/hmvanrossum/Documents/10-19_Programming/12_Projects/12.83_viennaRNA/libs/ViennaRNA/src/RNAlocmin/missing'\'' makeinfo'
MKDIR_P='/usr/local/opt/coreutils/libexec/gnubin/mkdir -p'
OBJEXT='o'
PACKAGE='rnalocmin'
PACKAGE_BUGREPORT=''
PACKAGE_NAME='RNAlocmin'
PACKAGE_STRING='RNAlocmin 2.1.0'
PACKAGE_TARNAME='rnalocmin'
PACKAGE_URL=''
PACKAGE_VERSION='2.1.0'
PATH_SEPARATOR=':'
PKG_CONFIG='/opt/homebrew/bin/pkg-config'
PKG_CONFIG_LIBDIR=''
PKG_CONFIG_PATH=''
POW_LIB=''
SET_MAKE=''
SHELL='/bin/sh'
STRIP=''
VERSION='2.1.0'
VRNA_CFLAGS='-I$(top_srcdir)/../../src/ViennaRNA -I$(top_srcdir)/../../src -DVRNA_WITH_NAVIEW_LAYOUT'
VRNA_LIBS='-fno-strict-aliasing -L$(top_builddir)/../../src/ViennaRNA -lRNA -lpthread -lstdc++'
ac_ct_CC='gcc'
ac_ct_CXX=''
am__EXEEXT_FALSE=''
am__EXEEXT_TRUE='#'
am__fastdepCC_FALSE='#'
am__fastdepCC_TRUE=''
am__fastdepCXX_FALSE='#'
am__fastdepCXX_TRUE=''
am__include='include'
am__isrc=''
am__leading_dot='.'
am__nodep='_no'
am__quote=''
am__tar='$${TAR-tar} chof - "$$tardir"'
am__untar='$${TAR-tar} xf -'
bindir='${exec_prefix}/bin'
build='x86_64-apple-darwin21.3.0'
build_alias=''
build_cpu='x86_64'
build_os='darwin21.3.0'
build_vendor='apple'
datadir='${datarootdir}'
datarootdir='${prefix}/share'
docdir='${datarootdir}/doc/${PACKAGE_TARNAME}'
dvidir='${docdir}'
exec_prefix='${prefix}'
host='x86_64-apple-darwin21.3.0'
host_alias=''
host_cpu='x86_64'
host_os='darwin21.3.0'
host_vendor='apple'
htmldir='${docdir}'
includedir='${prefix}/include'
infodir='${datarootdir}/info'
install_sh='${SHELL} /Users/hmvanrossum/Documents/10-19_Programming/12_Projects/12.83_viennaRNA/libs/ViennaRNA/src/RNAlocmin/install-sh'
libdir='${exec_prefix}/lib'
libexecdir='${exec_prefix}/libexec'
localedir='${datarootdir}/locale'
localstatedir='${prefix}/var'
mandir='${datarootdir}/man'
mkdir_p='$(MKDIR_P)'
oldincludedir='/usr/include'
pdfdir='${docdir}'
prefix='/usr/local'
program_transform_name='s,x,x,'
psdir='${docdir}'
runstatedir='${localstatedir}/run'
sbindir='${exec_prefix}/sbin'
sharedstatedir='${prefix}/com'
sysconfdir='${prefix}/etc'
target_alias=''

## ----------- ##
## confdefs.h. ##
## ----------- ##

/* confdefs.h */
#define PACKAGE_NAME "RNAlocmin"
#define PACKAGE_TARNAME "rnalocmin"
#define PACKAGE_VERSION "2.1.0"
#define PACKAGE_STRING "RNAlocmin 2.1.0"
#define PACKAGE_BUGREPORT ""
#define PACKAGE_URL ""
#define HAVE_STDIO_H 1
#define HAVE_STDLIB_H 1
#define HAVE_STRING_H 1
#define HAVE_INTTYPES_H 1
#define HAVE_STDINT_H 1
#define HAVE_STRINGS_H 1
#define HAVE_SYS_STAT_H 1
#define HAVE_SYS_TYPES_H 1
#define HAVE_UNISTD_H 1
#define HAVE_WCHAR_H 1
#define STDC_HEADERS 1
#define _ALL_SOURCE 1
#define _DARWIN_C_SOURCE 1
#define _GNU_SOURCE 1
#define _HPUX_ALT_XOPEN_SOCKET_API 1
#define _NETBSD_SOURCE 1
#define _OPENBSD_SOURCE 1
#define _POSIX_PTHREAD_SEMANTICS 1
#define __STDC_WANT_IEC_60559_ATTRIBS_EXT__ 1
#define __STDC_WANT_IEC_60559_BFP_EXT__ 1
#define __STDC_WANT_IEC_60559_DFP_EXT__ 1
#define __STDC_WANT_IEC_60559_FUNCS_EXT__ 1
#define __STDC_WANT_IEC_60559_TYPES_EXT__ 1
#define __STDC_WANT_LIB_EXT2__ 1
#define __STDC_WANT_MATH_SPEC_FUNCS__ 1
#define _TANDEM_SOURCE 1
#define __EXTENSIONS__ 1
#define PACKAGE "rnalocmin"
#define VERSION "2.1.0"
#define HAVE_CXX11 1
#define HAVE_STRCHR 1
#define HAVE_STRDUP 1
#define HAVE_STRTOL 1
#define HAVE_LIMITS_H 1
#define HAVE__BOOL 1
#define HAVE_MALLOC 1
#define HAVE_REALLOC 1

configure: exit 0
