This file contains any messages produced by compilers while
running configure, to aid debugging if configure makes a mistake.

It was created by kinfold configure 1.4, which was
generated by GNU Autoconf 2.71.  Invocation command line was

  $ ./configure --disable-option-checking --prefix=/usr/local --disable-openmp --without-perl --disable-lto --without-python CPPFLAGS=-I/opt/homebrew/opt/openjdk@17/include CC=gcc CXX=g++ 'CFLAGS=-g -O2' 'CXXFLAGS=-g -O2' AR=ar RANLIB=ranlib 'NM=/usr/bin/nm -B' 'VRNA_CFLAGS=-I$(top_srcdir)/../../src/ViennaRNA -I$(top_srcdir)/../../src -DVRNA_WITH_NAVIEW_LAYOUT' 'VRNA_LIBS=-fno-strict-aliasing -L$(top_builddir)/../../src/ViennaRNA -lRNA -lpthread -lstdc++' --cache-file=/dev/null --srcdir=.

## --------- ##
## Platform. ##
## --------- ##

hostname = HMs-MacBook-Air.home
uname -m = x86_64
uname -r = 21.3.0
uname -s = Darwin
uname -v = Darwin Kernel Version 21.3.0: Wed Jan  5 21:37:58 PST 2022; root:xnu-8019.80.24~20/RELEASE_ARM64_T8101

/usr/bin/uname -p = arm
/bin/uname -X     = unknown

/bin/arch              = unknown
/usr/bin/arch -k       = unknown
/usr/convex/getsysinfo = unknown
/usr/bin/hostinfo      = Mach kernel version:
	 Darwin Kernel Version 21.3.0: Wed Jan  5 21:37:58 PST 2022; root:xnu-8019.80.24~20/RELEASE_ARM64_T8101
Kernel configured for up to 8 processors.
8 processors are physically available.
8 processors are logically available.
Processor type: arm64e (ARM64E)
Processors active: 0 1 2 3 4 5 6 7
Primary memory available: 16.00 gigabytes
Default processor set: 449 tasks, 3985 threads, 8 processors
Load average: 5.88, Mach factor: 2.20
/bin/machine           = unknown
/usr/bin/oslevel       = unknown
/bin/universe          = unknown

PATH: /Users/hmvanrossum/Library/Caches/pypoetry/virtualenvs/agpt-YuoE86yp-py3.10/bin/
PATH: /usr/local/opt/gnu-sed/libexec/gnubin/
PATH: /usr/local/opt/coreutils/libexec/gnubin/
PATH: /Users/hmvanrossum/.espressif/tools/riscv32-esp-elf/esp-12.2.0_20230208/riscv32-esp-elf/bin/
PATH: /Users/hmvanrossum/.espressif/tools/xtensa-esp32-elf/esp-12.2.0_20230208/xtensa-esp32-elf/bin/
PATH: /Library/TeX/texbin/
PATH: /opt/homebrew/opt/grep/libexec/gnubin/
PATH: /opt/homebrew/opt/openjdk@17/bin/
PATH: /Users/hmvanrossum/google-cloud-sdk/bin/
PATH: /usr/local/bin/
PATH: /usr/local/opt/gnu-sed/libexec/gnubin/
PATH: /usr/local/opt/coreutils/libexec/gnubin/
PATH: /Users/hmvanrossum/.espressif/tools/riscv32-esp-elf/esp-12.2.0_20230208/riscv32-esp-elf/bin/
PATH: /Users/hmvanrossum/.espressif/tools/xtensa-esp32-elf/esp-12.2.0_20230208/xtensa-esp32-elf/bin/
PATH: /Library/TeX/texbin/
PATH: /opt/homebrew/opt/grep/libexec/gnubin/
PATH: /opt/homebrew/opt/openjdk@17/bin/
PATH: /Users/hmvanrossum/google-cloud-sdk/bin/
PATH: /Users/hmvanrossum/mambaforge/bin/
PATH: /Users/hmvanrossum/mambaforge/condabin/
PATH: /usr/local/bin/
PATH: /Library/Frameworks/Python.framework/Versions/3.10/bin/
PATH: /opt/homebrew/bin/
PATH: /opt/homebrew/sbin/
PATH: /usr/local/bin/
PATH: /usr/bin/
PATH: /bin/
PATH: /usr/sbin/
PATH: /sbin/
PATH: /Library/TeX/texbin/
PATH: /usr/local/go/bin/
PATH: /Users/hmvanrossum/.cargo/bin/
PATH: /Users/hmvanrossum/go/bin/
PATH: /Users/hmvanrossum/go/bin/


## ----------- ##
## Core tests. ##
## ----------- ##

configure:2331: looking for aux files: config.guess config.sub compile missing install-sh
configure:2344:  trying ./
configure:2373:   ./config.guess found
configure:2373:   ./config.sub found
configure:2373:   ./compile found
configure:2373:   ./missing found
configure:2355:   ./install-sh found
configure:2498: checking whether make supports nested variables
configure:2516: result: yes
configure:2545: checking for a BSD-compatible install
configure:2618: result: /usr/local/opt/coreutils/libexec/gnubin/install -c
configure:2629: checking whether build environment is sane
configure:2684: result: yes
configure:2843: checking for a race-free mkdir -p
configure:2887: result: /usr/local/opt/coreutils/libexec/gnubin/mkdir -p
configure:2894: checking for gawk
configure:2929: result: no
configure:2894: checking for mawk
configure:2929: result: no
configure:2894: checking for nawk
configure:2929: result: no
configure:2894: checking for awk
configure:2915: found /usr/bin/awk
configure:2926: result: awk
configure:2937: checking whether make sets $(MAKE)
configure:2960: result: yes
configure:3104: checking if malloc debugging is wanted
configure:3123: result: no
configure:3191: checking for gcc
configure:3223: result: gcc
configure:3576: checking for C compiler version
configure:3585: gcc --version >&5
gcc (Homebrew GCC 13.2.0) 13.2.0
Copyright (C) 2023 Free Software Foundation, Inc.
This is free software; see the source for copying conditions.  There is NO
warranty; not even for MERCHANTABILITY or FITNESS FOR A PARTICULAR PURPOSE.

configure:3596: $? = 0
configure:3585: gcc -v >&5
Using built-in specs.
COLLECT_GCC=gcc
COLLECT_LTO_WRAPPER=/opt/homebrew/Cellar/gcc/13.2.0/bin/../libexec/gcc/aarch64-apple-darwin21/13/lto-wrapper
Target: aarch64-apple-darwin21
Configured with: ../configure --prefix=/opt/homebrew/opt/gcc --libdir=/opt/homebrew/opt/gcc/lib/gcc/current --disable-nls --enable-checking=release --with-gcc-major-version-only --enable-languages=c,c++,objc,obj-c++,fortran --program-suffix=-13 --with-gmp=/opt/homebrew/opt/gmp --with-mpfr=/opt/homebrew/opt/mpfr --with-mpc=/opt/homebrew/opt/libmpc --with-isl=/opt/homebrew/opt/isl --with-zstd=/opt/homebrew/opt/zstd --with-pkgversion='Homebrew GCC 13.2.0' --with-bugurl=https://github.com/Homebrew/homebrew-core/issues --with-system-zlib --build=aarch64-apple-darwin21 --with-sysroot=/Library/Developer/CommandLineTools/SDKs/MacOSX12.sdk
Thread model: posix
Supported LTO compression algorithms: zlib zstd
gcc version 13.2.0 (Homebrew GCC 13.2.0) 
configure:3596: $? = 0
configure:3585: gcc -V >&5
gcc: error: unrecognized command-line option '-V'
gcc: fatal error: no input files
compilation terminated.
configure:3596: $? = 1
configure:3585: gcc -qversion >&5
gcc: error: unrecognized command-line option '-qversion'; did you mean '--version'?
gcc: fatal error: no input files
compilation terminated.
configure:3596: $? = 1
configure:3585: gcc -version >&5
gcc: error: unrecognized command-line option '-version'
gcc: fatal error: no input files
compilation terminated.
configure:3596: $? = 1
configure:3616: checking whether the C compiler works
configure:3638: gcc -g -O2 -I/opt/homebrew/opt/openjdk@17/include  conftest.c  >&5
configure:3642: $? = 0
configure:3692: result: yes
configure:3695: checking for C compiler default output file name
configure:3697: result: a.out
configure:3703: checking for suffix of executables
configure:3710: gcc -o conftest -g -O2 -I/opt/homebrew/opt/openjdk@17/include  conftest.c  >&5
configure:3714: $? = 0
configure:3737: result: 
configure:3759: checking whether we are cross compiling
configure:3767: gcc -o conftest -g -O2 -I/opt/homebrew/opt/openjdk@17/include  conftest.c  >&5
configure:3771: $? = 0
configure:3778: ./conftest
configure:3782: $? = 0
configure:3797: result: no
configure:3802: checking for suffix of object files
configure:3825: gcc -c -g -O2 -I/opt/homebrew/opt/openjdk@17/include conftest.c >&5
configure:3829: $? = 0
configure:3851: result: o
configure:3855: checking whether the compiler supports GNU C
configure:3875: gcc -c -g -O2 -I/opt/homebrew/opt/openjdk@17/include conftest.c >&5
configure:3875: $? = 0
configure:3885: result: yes
configure:3896: checking whether gcc accepts -g
configure:3917: gcc -c -g -I/opt/homebrew/opt/openjdk@17/include conftest.c >&5
configure:3917: $? = 0
configure:3961: result: yes
configure:3981: checking for gcc option to enable C11 features
configure:3996: gcc  -c -g -O2 -I/opt/homebrew/opt/openjdk@17/include conftest.c >&5
configure:3996: $? = 0
configure:4014: result: none needed
configure:4130: checking whether gcc understands -c and -o together
configure:4153: gcc -c conftest.c -o conftest2.o
configure:4156: $? = 0
configure:4153: gcc -c conftest.c -o conftest2.o
configure:4156: $? = 0
configure:4168: result: yes
configure:4188: checking whether make supports the include directive
configure:4203: make -f confmf.GNU && cat confinc.out
this is the am__doit target
configure:4206: $? = 0
configure:4225: result: yes (GNU style)
configure:4251: checking dependency style of gcc
configure:4363: result: gcc3
configure:4393: checking build system type
configure:4408: result: x86_64-apple-darwin21.3.0
configure:4428: checking host system type
configure:4442: result: x86_64-apple-darwin21.3.0
configure:4464: checking for strdup
configure:4464: gcc -o conftest -g -O2 -I/opt/homebrew/opt/openjdk@17/include  conftest.c  >&5
conftest.c:27:6: warning: conflicting types for built-in function 'strdup'; expected 'char *(const char *)' [-Wbuiltin-declaration-mismatch]
   27 | char strdup ();
      |      ^~~~~~
configure:4464: $? = 0
configure:4464: result: yes
configure:4470: checking for memset
configure:4470: gcc -o conftest -g -O2 -I/opt/homebrew/opt/openjdk@17/include  conftest.c  >&5
conftest.c:28:6: warning: conflicting types for built-in function 'memset'; expected 'void *(void *, int,  long unsigned int)' [-Wbuiltin-declaration-mismatch]
   28 | char memset ();
      |      ^~~~~~
conftest.c:20:1: note: 'memset' is declared in header '<string.h>'
   19 | #include <limits.h>
   20 | #undef memset
configure:4470: $? = 0
configure:4470: result: yes
configure:4476: checking for strchr
configure:4476: gcc -o conftest -g -O2 -I/opt/homebrew/opt/openjdk@17/include  conftest.c  >&5
conftest.c:29:6: warning: conflicting types for built-in function 'strchr'; expected 'char *(const char *, int)' [-Wbuiltin-declaration-mismatch]
   29 | char strchr ();
      |      ^~~~~~
conftest.c:21:1: note: 'strchr' is declared in header '<string.h>'
   20 | #include <limits.h>
   21 | #undef strchr
configure:4476: $? = 0
configure:4476: result: yes
configure:4543: checking for pkg-config
configure:4566: found /opt/homebrew/bin/pkg-config
configure:4578: result: /opt/homebrew/bin/pkg-config
configure:4603: checking pkg-config is at least version 0.9.0
configure:4606: result: yes
configure:4635: checking for VRNA
configure:4880: result: yes
configure:4933: checking for stdio.h
configure:4933: gcc -c -g -O2 -I/opt/homebrew/opt/openjdk@17/include conftest.c >&5
configure:4933: $? = 0
configure:4933: result: yes
configure:4933: checking for stdlib.h
configure:4933: gcc -c -g -O2 -I/opt/homebrew/opt/openjdk@17/include conftest.c >&5
configure:4933: $? = 0
configure:4933: result: yes
configure:4933: checking for string.h
configure:4933: gcc -c -g -O2 -I/opt/homebrew/opt/openjdk@17/include conftest.c >&5
configure:4933: $? = 0
configure:4933: result: yes
configure:4933: checking for inttypes.h
configure:4933: gcc -c -g -O2 -I/opt/homebrew/opt/openjdk@17/include conftest.c >&5
configure:4933: $? = 0
configure:4933: result: yes
configure:4933: checking for stdint.h
configure:4933: gcc -c -g -O2 -I/opt/homebrew/opt/openjdk@17/include conftest.c >&5
configure:4933: $? = 0
configure:4933: result: yes
configure:4933: checking for strings.h
configure:4933: gcc -c -g -O2 -I/opt/homebrew/opt/openjdk@17/include conftest.c >&5
configure:4933: $? = 0
configure:4933: result: yes
configure:4933: checking for sys/stat.h
configure:4933: gcc -c -g -O2 -I/opt/homebrew/opt/openjdk@17/include conftest.c >&5
configure:4933: $? = 0
configure:4933: result: yes
configure:4933: checking for sys/types.h
configure:4933: gcc -c -g -O2 -I/opt/homebrew/opt/openjdk@17/include conftest.c >&5
configure:4933: $? = 0
configure:4933: result: yes
configure:4933: checking for unistd.h
configure:4933: gcc -c -g -O2 -I/opt/homebrew/opt/openjdk@17/include conftest.c >&5
configure:4933: $? = 0
configure:4933: result: yes
configure:4959: checking for grep that handles long lines and -e
configure:5023: result: /opt/homebrew/opt/grep/libexec/gnubin/grep
configure:5028: checking for egrep
configure:5096: result: /opt/homebrew/opt/grep/libexec/gnubin/grep -E
configure:5102: checking for stdlib.h
configure:5102: result: yes
configure:5108: checking for string.h
configure:5108: result: yes
configure:5114: checking for strings.h
configure:5114: result: yes
configure:5120: checking for unistd.h
configure:5120: result: yes
configure:5128: checking for exp in -lm
configure:5151: gcc -o conftest -g -O2 -I/opt/homebrew/opt/openjdk@17/include  conftest.c -lm   >&5
conftest.c:33:6: warning: conflicting types for built-in function 'exp'; expected 'double(double)' [-Wbuiltin-declaration-mismatch]
   33 | char exp ();
      |      ^~~
conftest.c:1:1: note: 'exp' is declared in header '<math.h>'
    1 | /* confdefs.h */
configure:5151: $? = 0
configure:5161: result: yes
configure:5172: checking for an ANSI C-conforming const
configure:5239: gcc -c -g -O2 -I/opt/homebrew/opt/openjdk@17/include conftest.c >&5
configure:5239: $? = 0
configure:5247: result: yes
configure:5368: checking that generated files are newer than configure
configure:5374: result: done
configure:5405: creating ./config.status

## ---------------------- ##
## Running config.status. ##
## ---------------------- ##

This file was extended by kinfold config.status 1.4, which was
generated by GNU Autoconf 2.71.  Invocation command line was

  CONFIG_FILES    = 
  CONFIG_HEADERS  = 
  CONFIG_LINKS    = 
  CONFIG_COMMANDS = 
  $ ./config.status 

on HMs-MacBook-Air.home

config.status:878: creating Example/Makefile
config.status:878: creating Makefile
config.status:878: creating config.h
config.status:1059: config.h is unchanged
config.status:1107: executing depfiles commands
config.status:1184: cd .       && sed -e '/# am--include-marker/d' Makefile         | make -f - am--depfiles
make: Nothing to be done for `am--depfiles'.
config.status:1189: $? = 0

## ---------------- ##
## Cache variables. ##
## ---------------- ##

ac_cv_build=x86_64-apple-darwin21.3.0
ac_cv_c_compiler_gnu=yes
ac_cv_c_const=yes
ac_cv_env_CC_set=set
ac_cv_env_CC_value=gcc
ac_cv_env_CFLAGS_set=set
ac_cv_env_CFLAGS_value='-g -O2'
ac_cv_env_CPPFLAGS_set=set
ac_cv_env_CPPFLAGS_value=-I/opt/homebrew/opt/openjdk@17/include
ac_cv_env_LDFLAGS_set=
ac_cv_env_LDFLAGS_value=
ac_cv_env_LIBS_set=
ac_cv_env_LIBS_value=
ac_cv_env_PKG_CONFIG_LIBDIR_set=
ac_cv_env_PKG_CONFIG_LIBDIR_value=
ac_cv_env_PKG_CONFIG_PATH_set=
ac_cv_env_PKG_CONFIG_PATH_value=
ac_cv_env_PKG_CONFIG_set=
ac_cv_env_PKG_CONFIG_value=
ac_cv_env_VRNA2_CFLAGS_set=
ac_cv_env_VRNA2_CFLAGS_value=
ac_cv_env_VRNA2_LIBS_set=
ac_cv_env_VRNA2_LIBS_value=
ac_cv_env_VRNA_CFLAGS_set=set
ac_cv_env_VRNA_CFLAGS_value='-I$(top_srcdir)/../../src/ViennaRNA -I$(top_srcdir)/../../src -DVRNA_WITH_NAVIEW_LAYOUT'
ac_cv_env_VRNA_LIBS_set=set
ac_cv_env_VRNA_LIBS_value='-fno-strict-aliasing -L$(top_builddir)/../../src/ViennaRNA -lRNA -lpthread -lstdc++'
ac_cv_env_build_alias_set=
ac_cv_env_build_alias_value=
ac_cv_env_host_alias_set=
ac_cv_env_host_alias_value=
ac_cv_env_target_alias_set=
ac_cv_env_target_alias_value=
ac_cv_func_memset=yes
ac_cv_func_strchr=yes
ac_cv_func_strdup=yes
ac_cv_header_inttypes_h=yes
ac_cv_header_stdint_h=yes
ac_cv_header_stdio_h=yes
ac_cv_header_stdlib_h=yes
ac_cv_header_string_h=yes
ac_cv_header_strings_h=yes
ac_cv_header_sys_stat_h=yes
ac_cv_header_sys_types_h=yes
ac_cv_header_unistd_h=yes
ac_cv_host=x86_64-apple-darwin21.3.0
ac_cv_lib_m_exp=yes
ac_cv_objext=o
ac_cv_path_EGREP='/opt/homebrew/opt/grep/libexec/gnubin/grep -E'
ac_cv_path_GREP=/opt/homebrew/opt/grep/libexec/gnubin/grep
ac_cv_path_ac_pt_PKG_CONFIG=/opt/homebrew/bin/pkg-config
ac_cv_path_install='/usr/local/opt/coreutils/libexec/gnubin/install -c'
ac_cv_path_mkdir=/usr/local/opt/coreutils/libexec/gnubin/mkdir
ac_cv_prog_AWK=awk
ac_cv_prog_ac_ct_CC=gcc
ac_cv_prog_cc_c11=
ac_cv_prog_cc_g=yes
ac_cv_prog_cc_stdc=
ac_cv_prog_make_make_set=yes
am_cv_CC_dependencies_compiler_type=gcc3
am_cv_make_support_nested_variables=yes
am_cv_prog_cc_c_o=yes
pkg_cv_VRNA_CFLAGS='-I$(top_srcdir)/../../src/ViennaRNA -I$(top_srcdir)/../../src -DVRNA_WITH_NAVIEW_LAYOUT'
pkg_cv_VRNA_LIBS='-fno-strict-aliasing -L$(top_builddir)/../../src/ViennaRNA -lRNA -lpthread -lstdc++'

## ----------------- ##
## Output variables. ##
## ----------------- ##

ACLOCAL='${SHELL} '\''/Users/hmvanrossum/Documents/10-19_Programming/12_Projects/12.83_viennaRNA/libs/ViennaRNA/src/Kinfold/missing'\'' aclocal-1.16'
AMDEPBACKSLASH='\'
AMDEP_FALSE='#'
AMDEP_TRUE=''
AMTAR='$${TAR-tar}'
AM_BACKSLASH='\'
AM_DEFAULT_V='$(AM_DEFAULT_VERBOSITY)'
AM_DEFAULT_VERBOSITY='0'
AM_V='$(V)'
AUTOCONF='${SHELL} '\''/Users/hmvanrossum/Documents/10-19_Programming/12_Projects/12.83_viennaRNA/libs/ViennaRNA/src/Kinfold/missing'\'' autoconf'
AUTOHEADER='${SHELL} '\''/Users/hmvanrossum/Documents/10-19_Programming/12_Projects/12.83_viennaRNA/libs/ViennaRNA/src/Kinfold/missing'\'' autoheader'
AUTOMAKE='${SHELL} '\''/Users/hmvanrossum/Documents/10-19_Programming/12_Projects/12.83_viennaRNA/libs/ViennaRNA/src/Kinfold/missing'\'' automake-1.16'
AWK='awk'
CC='gcc'
CCDEPMODE='depmode=gcc3'
CFLAGS='-g -O2'
CPPFLAGS='-I/opt/homebrew/opt/openjdk@17/include'
CSCOPE='cscope'
CTAGS='ctags'
CYGPATH_W='echo'
DEFS='-DHAVE_CONFIG_H'
DEPDIR='.deps'
ECHO_C='\c'
ECHO_N=''
ECHO_T=''
EGREP='/opt/homebrew/opt/grep/libexec/gnubin/grep -E'
ETAGS='etags'
EXEEXT=''
GREP='/opt/homebrew/opt/grep/libexec/gnubin/grep'
INSTALL_DATA='${INSTALL} -m 644'
INSTALL_PROGRAM='${INSTALL}'
INSTALL_SCRIPT='${INSTALL}'
INSTALL_STRIP_PROGRAM='$(install_sh) -c -s'
ISODATE='2023-12-26'
LDFLAGS=''
LIBOBJS=''
LIBS='-lm '
LTLIBOBJS=''
MAKEINFO='${SHELL} '\''/Users/hmvanrossum/Documents/10-19_Programming/12_Projects/12.83_viennaRNA/libs/ViennaRNA/src/Kinfold/missing'\'' makeinfo'
MKDIR_P='/usr/local/opt/coreutils/libexec/gnubin/mkdir -p'
OBJEXT='o'
PACKAGE='Kinfold'
PACKAGE_BUGREPORT='rna@tbi.univie.ac.at'
PACKAGE_NAME='kinfold'
PACKAGE_STRING='kinfold 1.4'
PACKAGE_TARNAME='Kinfold'
PACKAGE_URL=''
PACKAGE_VERSION='1.4'
PATH_SEPARATOR=':'
PKG_CONFIG='/opt/homebrew/bin/pkg-config'
PKG_CONFIG_LIBDIR=''
PKG_CONFIG_PATH=''
SET_MAKE=''
SHELL='/bin/sh'
STRIP=''
VERSION='1.4'
VRNA2_CFLAGS=''
VRNA2_LIBS=''
VRNA_CFLAGS='-I$(top_srcdir)/../../src/ViennaRNA -I$(top_srcdir)/../../src -DVRNA_WITH_NAVIEW_LAYOUT'
VRNA_LIBS='-fno-strict-aliasing -L$(top_builddir)/../../src/ViennaRNA -lRNA -lpthread -lstdc++'
WITH_LIBRNA_API2_FALSE=''
WITH_LIBRNA_API2_TRUE='#'
WITH_LIBRNA_API3_FALSE='#'
WITH_LIBRNA_API3_TRUE=''
ac_ct_CC='gcc'
am__EXEEXT_FALSE=''
am__EXEEXT_TRUE='#'
am__fastdepCC_FALSE='#'
am__fastdepCC_TRUE=''
am__include='include'
am__isrc=''
am__leading_dot='.'
am__nodep='_no'
am__quote=''
am__tar='$${TAR-tar} chof - "$$tardir"'
am__untar='$${TAR-tar} xf -'
bindir='${exec_prefix}/bin'
build='x86_64-apple-darwin21.3.0'
build_alias=''
build_cpu='x86_64'
build_os='darwin21.3.0'
build_vendor='apple'
datadir='${datarootdir}'
datarootdir='${prefix}/share'
docdir='${datarootdir}/doc/${PACKAGE_TARNAME}'
dvidir='${docdir}'
exec_prefix='${prefix}'
host='x86_64-apple-darwin21.3.0'
host_alias=''
host_cpu='x86_64'
host_os='darwin21.3.0'
host_vendor='apple'
htmldir='${docdir}'
includedir='${prefix}/include'
infodir='${datarootdir}/info'
install_sh='${SHELL} /Users/hmvanrossum/Documents/10-19_Programming/12_Projects/12.83_viennaRNA/libs/ViennaRNA/src/Kinfold/install-sh'
libdir='${exec_prefix}/lib'
libexecdir='${exec_prefix}/libexec'
localedir='${datarootdir}/locale'
localstatedir='${prefix}/var'
mandir='${datarootdir}/man'
mkdir_p='$(MKDIR_P)'
oldincludedir='/usr/include'
pdfdir='${docdir}'
prefix='/usr/local'
program_transform_name='s,x,x,'
psdir='${docdir}'
runstatedir='${localstatedir}/run'
sbindir='${exec_prefix}/sbin'
sharedstatedir='${prefix}/com'
sysconfdir='${prefix}/etc'
target_alias=''

## ----------- ##
## confdefs.h. ##
## ----------- ##

/* confdefs.h */
#define PACKAGE_NAME "kinfold"
#define PACKAGE_TARNAME "Kinfold"
#define PACKAGE_VERSION "1.4"
#define PACKAGE_STRING "kinfold 1.4"
#define PACKAGE_BUGREPORT "rna@tbi.univie.ac.at"
#define PACKAGE_URL ""
#define PACKAGE "Kinfold"
#define VERSION "1.4"
#define HAVE_STRDUP 1
#define HAVE_MEMSET 1
#define HAVE_STRCHR 1
#define HAVE_LIBRNA_API3 1
#define HAVE_STDIO_H 1
#define HAVE_STDLIB_H 1
#define HAVE_STRING_H 1
#define HAVE_INTTYPES_H 1
#define HAVE_STDINT_H 1
#define HAVE_STRINGS_H 1
#define HAVE_SYS_STAT_H 1
#define HAVE_SYS_TYPES_H 1
#define HAVE_UNISTD_H 1
#define STDC_HEADERS 1
#define HAVE_STDLIB_H 1
#define HAVE_STRING_H 1
#define HAVE_STRINGS_H 1
#define HAVE_UNISTD_H 1
#define HAVE_LIBM 1

configure: exit 0
